[2025-02-05 13:24:51.442915|0x00007fbbd4974700](/home/wwk/workspaces/test_demo/src/main.cc:11)  [info]Thread 0 - Info message 0
[2025-02-05 13:24:51.443708|0x00007fbbd3972700](/home/wwk/workspaces/test_demo/src/main.cc:9)  [info]Thread 2 - Info message 0
[2025-02-05 13:24:51.442992|0x00007fbbd4173700](/home/wwk/workspaces/test_demo/src/main.cc:11)  [info]Thread 1 - Info message 0
[2025-02-05 13:24:51.443116|0x00007fbbd2970700](/home/wwk/workspaces/test_demo/src/main.cc:9)  [info]Thread 4 - Info message 0
[2025-02-05 13:24:51.444207|0x00007fbbd4173700](/home/wwk/workspaces/test_demo/src/main.cc:11)  [warning]Thread 1 - Warn message 0
[2025-02-05 13:24:51.444075|0x00007fbbd3972700](/home/wwk/workspaces/test_demo/src/main.cc:12)  [warning]Thread 2 - Warn message 0
[2025-02-05 13:24:51.444347|0x00007fbbd196e700](/home/wwk/workspaces/test_demo/src/main.cc:11)  [info]Thread 6 - Info message 0
[2025-02-05 13:24:51.444148|0x00007fbbd216f700](/home/wwk/workspaces/test_demo/src/main.cc:11)  [info]Thread 5 - Info message 0
[2025-02-05 13:24:51.444699|0x00007fbbd196e700](/home/wwk/workspaces/test_demo/src/main.cc:12)  [warning]Thread 6 - Warn message 0
[2025-02-05 13:24:51.444730|0x00007fbbd4173700](/home/wwk/workspaces/test_demo/src/main.cc:11)  [error]Thread 1 - Error message 0
[2025-02-05 13:24:51.444758|0x00007fbbd216f700](/home/wwk/workspaces/test_demo/src/main.cc:11)  [warning]Thread 5 - Warn message 0
[2025-02-05 13:24:51.444756|0x00007fbbb27fc700](/home/wwk/workspaces/test_demo/src/main.cc:11)  [info]Thread 12 - Info message 0
[2025-02-05 13:24:51.444891|0x00007fbbd216f700](/home/wwk/workspaces/test_demo/src/main.cc:)  [error]Thread 5 - Error message 0
[2025-02-05 13:24:51.444896|0x00007fbbb27fc700](/home/wwk/workspaces/test_demo/src/main.cc:12)  [warning]Thread 12 - Warn message 0
[2025-02-05 13:24:51.444782|0x00007fbbd196e700](/home/wwk/workspaces/test_demo/src/main.cc:11)  [error]Thread 6 - Error message 0
[2025-02-05 13:24:51.444745|0x00007fbbb37fe700](/home/wwk/workspaces/test_demo/src/main.cc:11)  [info]Thread 10 - Info message 0
[2025-02-05 13:24:51.444064|0x00007fbbd4974700](/home/wwk/workspaces/test_demo/src/main.cc:9)  [warning]Thread 0 - Warn message 0
[2025-02-05 13:24:51.445131|0x00007fbbb3fff700](/home/wwk/workspaces/test_demo/src/main.cc:11)  [info]Thread 9 - Info message 0
[2025-02-05 13:24:51.444377|0x00007fbbd2970700](/home/wwk/workspaces/test_demo/src/main.cc:9)  [warning]Thread 4 - Warn message 0
[2025-02-05 13:24:51.445306|0x00007fbbd116d700](/home/wwk/workspaces/test_demo/src/main.cc:12)  [info]Thread 7 - Info message 0
[2025-02-05 13:24:51.445460|0x00007fbbd3171700](/home/wwk/workspaces/test_demo/src/main.cc:11)  [info]Thread 3 - Info message 0
[2025-02-05 13:24:51.444864|0x00007fbbb17fa700](/home/wwk/workspaces/test_demo/src/main.cc:13)  [info]Thread 14 - Info message 0
[2025-02-05 13:24:51.444824|0x00007fbbd4173700](/home/wwk/workspaces/test_demo/src/main.cc:14)  [fatal]Thread 1 - fatal message 0
[2025-02-05 13:24:51.445696|0x00007fbbd3171700](/home/wwk/workspaces/test_demo/src/main.cc:12)  [warning]Thread 3 - Warn message 0
[2025-02-05 13:24:51.445709|0x00007fbbb2ffd700](/home/wwk/workspaces/test_demo/src/main.cc:11)  [info]Thread 11 - Info message 0
[2025-02-05 13:24:51.445757|0x00007fbbb1ffb700](/home/wwk/workspaces/test_demo/src/main.cc:11)  [info]Thread 13 - Info message 0
[2025-02-05 13:24:51.444779|0x00007fbbd3972700](/home/wwk/workspaces/test_demo/src/main.cc:10)  [error]Thread 2 - Error message 0
[2025-02-05 13:24:51.445742|0x00007fbbb0ff9700](/home/wwk/workspaces/test_demo/src/main.cc:11)  [info]Thread 15 - Info message 0
[2025-02-05 13:24:51.445190|0x00007fbbd4974700](/home/wwk/workspaces/test_demo/src/main.cc:10)  [error]Thread 0 - Error message 0
[2025-02-05 13:24:51.446124|0x00007fbbd3171700](/home/wwk/workspaces/test_demo/src/main.cc:13)  [error]Thread 3 - Error message 0
[2025-02-05 13:24:51.444935|0x00007fbbd196e700](/home/wwk/workspaces/test_demo/src/main.cc:13)  [fatal]Thread 6 - fatal message 0
[2025-02-05 13:24:51.446095|0x00007fbbb3fff700](/home/wwk/workspaces/test_demo/src/main.cc:12)  [warning]Thread 9 - Warn message 0
[2025-02-05 13:24:51.446183|0x00007fbbd4974700](/home/wwk/workspaces/test_demo/src/main.cc:14)  [fatal]Thread 0 - fatal message 0
[2025-02-05 13:24:51.446319|0x00007fbbd196e700](/home/wwk/workspaces/test_demo/src/main.cc:11)  [info]Thread 6 - Info message 1
[2025-02-05 13:24:51.446360|0x00007fbbd4974700](/home/wwk/workspaces/test_demo/src/main.cc:11)  [info]Thread 0 - Info message 1
[2025-02-05 13:24:51.444955|0x00007fbbb27fc700](/home/wwk/workspaces/test_demo/src/main.cc:13)  [error]Thread 12 - Error message 0
[2025-02-05 13:24:51.446348|0x00007fbbd2970700](/home/wwk/workspaces/test_demo/src/main.cc:13)  [error]Thread 4 - Error message 0
[2025-02-05 13:24:51.446418|0x00007fbbd2970700](/home/wwk/workspaces/test_demo/src/main.cc:14)  [fatal]Thread 4 - fatal message 0
[2025-02-05 13:24:51.446430|0x00007fbbb27fc700](/home/wwk/workspaces/test_demo/src/main.cc:14)  [fatal]Thread 12 - fatal message 0
[2025-02-05 13:24:51.446373|0x00007fbbd196e700](/home/wwk/workspaces/test_demo/src/main.cc:12)  [warning]Thread 6 - Warn message 1
[2025-02-05 13:24:51.446472|0x00007fbbd2970700](/home/wwk/workspaces/test_demo/src/main.cc:11)  [info]Thread 4 - Info message 1
[2025-02-05 13:24:51.445964|0x00007fbbb0ff9700](/home/wwk/workspaces/test_demo/src/main.cc:12)  [warning]Thread 15 - Warn message 0
[2025-02-05 13:24:51.446511|0x00007fbbd196e700](/home/wwk/workspaces/test_demo/src/main.cc:13)  [error]Thread 6 - Error message 1
[2025-02-05 13:24:51.445773|0x00007fbbd4173700](/home/wwk/workspaces/test_demo/src/main.cc:11)  [info]Thread 1 - Info message 1
[2025-02-05 13:24:51.446582|0x00007fbbd3171700](/home/wwk/workspaces/test_demo/src/main.cc:14)  [fatal]Thread 3 - fatal message 0
[2025-02-05 13:24:51.446683|0x00007fbbd3171700](/home/wwk/workspaces/test_demo/src/main.cc:11)  [info]Thread 3 - Info message 1
[2025-02-05 13:24:51.446706|0x00007fbbd3171700](/home/wwk/workspaces/test_demo/src/main.cc:12)  [warning]Thread 3 - Warn message 1
[2025-02-05 13:24:51.446718|0x00007fbbd4173700](/home/wwk/workspaces/test_demo/src/main.cc:12)  [warning]Thread 1 - Warn message 1
[2025-02-05 13:24:51.446780|0x00007fbbd4173700](/home/wwk/workspaces/test_demo/src/main.cc:13)  [error]Thread 1 - Error message 1
[2025-02-05 13:24:51.446763|0x00007fbbd3171700](/home/wwk/workspaces/test_demo/src/main.cc:13)  [error]Thread 3 - Error message 1
[2025-02-05 13:24:51.445916|0x00007fbbd216f700](/home/wwk/workspaces/test_demo/src/main.cc:14)  [fatal]Thread 5 - fatal message 0
[2025-02-05 13:24:51.445945|0x00007fbbd116d700](/home/wwk/workspaces/test_demo/src/main.cc:14)  [warning]Thread 7 - Warn message 0
[2025-02-05 13:24:51.445955|0x00007fbbd3972700](/home/wwk/workspaces/test_demo/src/main.cc:12)  [fatal]Thread 2 - fatal message 0
[2025-02-05 13:24:51.447016|0x00007fbbd216f700](/home/wwk/workspaces/test_demo/src/main.cc:11)  [info]Thread 5 - Info message 1
[2025-02-05 13:24:51.447066|0x00007fbbd116d700](/home/wwk/workspaces/test_demo/src/main.cc:11)  [error]Thread 7 - Error message 0
[2025-02-05 13:24:51.446550|0x00007fbbb27fc700](/home/wwk/workspaces/test_demo/src/main.cc:11)  [info]Thread 12 - Info message 1
[2025-02-05 13:24:51.447161|0x00007fbbb2ffd700](/home/wwk/workspaces/test_demo/src/main.cc:12)  [warning]Thread 11 - Warn message 0
[2025-02-05 13:24:51.447186|0x00007fbbb27fc700](/home/wwk/workspaces/test_demo/src/main.cc:12)  [warning]Thread 12 - Warn message 1
[2025-02-05 13:24:51.447224|0x00007fbbd216f700](/home/wwk/workspaces/test_demo/src/main.cc:12)  [warning]Thread 5 - Warn message 1
[2025-02-05 13:24:51.445740|0x00007fbbb17fa700](/home/wwk/workspaces/test_demo/src/main.cc:11)  [warning]Thread 14 - Warn message 0
[2025-02-05 13:24:51.447319|0x00007fbbb17fa700](/home/wwk/workspaces/test_demo/src/main.cc:13)  [error]Thread 14 - Error message 0
[2025-02-05 13:24:51.446827|0x00007fbbd3171700](/home/wwk/workspaces/test_demo/src/main.cc:14)  [fatal]Thread 3 - fatal message 1
[2025-02-05 13:24:51.445935|0x00007fbbd096c700](/home/wwk/workspaces/test_demo/src/main.cc:12)  [info]Thread 8 - Info message 0
[2025-02-05 13:24:51.446822|0x00007fbbd4173700](/home/wwk/workspaces/test_demo/src/main.cc:14)  [fatal]Thread 1 - fatal message 1
[2025-02-05 13:24:51.447066|0x00007fbbd3972700](/home/wwk/workspaces/test_demo/src/main.cc:11)  [info]Thread 2 - Info message 1
[2025-02-05 13:24:51.447549|0x00007fbbd4173700](/home/wwk/workspaces/test_demo/src/main.cc:11)  [info]Thread 1 - Info message 2
[2025-02-05 13:24:51.447607|0x00007fbbd2970700](/home/wwk/workspaces/test_demo/src/main.cc:12)  [warning]Thread 4 - Warn message 1
[2025-02-05 13:24:51.447646|0x00007fbbb1ffb700](/home/wwk/workspaces/test_demo/src/main.cc:12)  [warning]Thread 13 - Warn message 0
[2025-02-05 13:24:51.447597|0x00007fbb8f7fe700](/home/wwk/workspaces/test_demo/src/main.cc:11)  [info]Thread 17 - Info message 0
[2025-02-05 13:24:51.447354|0x00007fbbb17fa700](/home/wwk/workspaces/test_demo/src/main.cc:14)  [fatal]Thread 14 - fatal message 0
[2025-02-05 13:24:51.447839|0x00007fbbd2970700](/home/wwk/workspaces/test_demo/src/main.cc:13)  [error]Thread 4 - Error message 1
[2025-02-05 13:24:51.447861|0x00007fbbb1ffb700](/home/wwk/workspaces/test_demo/src/main.cc:13)  [error]Thread 13 - Error message 0
[2025-02-05 13:24:51.447831|0x00007fbb8e7fc700](/home/wwk/workspaces/test_demo/src/main.cc:11)  [info]Thread 19 - Info message 0
[2025-02-05 13:24:51.447926|0x00007fbbd116d700](/home/wwk/workspaces/test_demo/src/main.cc:14)  [fatal]Thread 7 - fatal message 0
[2025-02-05 13:24:51.446320|0x00007fbbb3fff700](/home/wwk/workspaces/test_demo/src/main.cc:11)  [error]Thread 9 - Error message 0
[2025-02-05 13:24:51.448010|0x00007fbb8e7fc700](/home/wwk/workspaces/test_demo/src/main.cc:10)  [warning]Thread 19 - Warn message 0
[2025-02-05 13:24:51.447546|0x00007fbbd3972700](/home/wwk/workspaces/test_demo/src/main.cc:11)  [warning]Thread 2 - Warn message 1
[2025-02-05 13:24:51.448136|0x00007fbbd216f700](/home/wwk/workspaces/test_demo/src/main.cc:13)  [error]Thread 5 - Error message 1
[2025-02-05 13:24:51.446390|0x00007fbbd4974700](/home/wwk/workspaces/test_demo/src/main.cc:12)  [warning]Thread 0 - Warn message 1
[2025-02-05 13:24:51.448171|0x00007fbbd216f700](/home/wwk/workspaces/test_demo/src/main.cc:14)  [fatal]Thread 5 - fatal message 1
[2025-02-05 13:24:51.448224|0x00007fbbd4974700](/home/wwk/workspaces/test_demo/src/main.cc:13)  [error]Thread 0 - Error message 1
[2025-02-05 13:24:51.446550|0x00007fbbd196e700](/home/wwk/workspaces/test_demo/src/main.cc:14)  [fatal]Thread 6 - fatal message 1
[2025-02-05 13:24:51.447966|0x00007fbbb1ffb700](/home/wwk/workspaces/test_demo/src/main.cc:14)  [fatal]Thread 13 - fatal message 0
[2025-02-05 13:24:51.448025|0x00007fbbb17fa700](/home/wwk/workspaces/test_demo/src/main.cc:9)  [info]Thread 14 - Info message 1
[2025-02-05 13:24:51.448043|0x00007fbbd116d700](/home/wwk/workspaces/test_demo/src/main.cc:11)  [info]Thread 7 - Info message 1
[2025-02-05 13:24:51.448576|0x00007fbbb1ffb700](/home/wwk/workspaces/test_demo/src/main.cc:11)  [info]Thread 13 - Info message 1
[2025-02-05 13:24:51.448697|0x00007fbbd116d700](/home/wwk/workspaces/test_demo/src/main.cc:12)  [warning]Thread 7 - Warn message 1
[2025-02-05 13:24:51.448682|0x00007fbbb1ffb700](/home/wwk/workspaces/test_demo/src/main.cc:12)  [warning]Thread 13 - Warn message 1
[2025-02-05 13:24:51.448746|0x00007fbbd116d700](/home/wwk/workspaces/test_demo/src/main.cc:13)  [error]Thread 7 - Error message 1
[2025-02-05 13:24:51.447791|0x00007fbb8f7fe700](/home/wwk/workspaces/test_demo/src/main.cc:12)  [warning]Thread 17 - Warn message 0
[2025-02-05 13:24:51.447323|0x00007fbbb27fc700](/home/wwk/workspaces/test_demo/src/main.cc:13)  [error]Thread 12 - Error message 1
[2025-02-05 13:24:51.449017|0x00007fbbb27fc700](/home/wwk/workspaces/test_demo/src/main.cc:14)  [fatal]Thread 12 - fatal message 1
[2025-02-05 13:24:51.447432|0x00007fbbb0ff9700](/home/wwk/workspaces/test_demo/src/main.cc:13)  [error]Thread 15 - Error message 0
[2025-02-05 13:24:51.448194|0x00007fbbd3972700](/home/wwk/workspaces/test_demo/src/main.cc:13)  [error]Thread 2 - Error message 1
[2025-02-05 13:24:51.449033|0x00007fbbd2970700](/home/wwk/workspaces/test_demo/src/main.cc:14)  [fatal]Thread 4 - fatal message 1
[2025-02-05 13:24:51.447421|0x00007fbbd096c700](/home/wwk/workspaces/test_demo/src/main.cc:10)  [warning]Thread 8 - Warn message 0
[2025-02-05 13:24:51.449245|0x00007fbbd2970700](/home/wwk/workspaces/test_demo/src/main.cc:11)  [info]Thread 4 - Info message 2
[2025-02-05 13:24:51.449262|0x00007fbbd3972700](/home/wwk/workspaces/test_demo/src/main.cc:14)  [fatal]Thread 2 - fatal message 1
[2025-02-05 13:24:51.449379|0x00007fbbd4173700](/home/wwk/workspaces/test_demo/src/main.cc:12)  [warning]Thread 1 - Warn message 2
[2025-02-05 13:24:51.445309|0x00007fbbb37fe700](/home/wwk/workspaces/test_demo/src/main.cc:12)  [warning]Thread 10 - Warn message 0
[2025-02-05 13:24:51.448101|0x00007fbb8e7fc700](/home/wwk/workspaces/test_demo/src/main.cc:13)  [error]Thread 19 - Error message 0
[2025-02-05 13:24:51.448751|0x00007fbbb1ffb700](/home/wwk/workspaces/test_demo/src/main.cc:13)  [error]Thread 13 - Error message 1
[2025-02-05 13:24:51.449770|0x00007fbbb1ffb700](/home/wwk/workspaces/test_demo/src/main.cc:14)  [fatal]Thread 13 - fatal message 1
[2025-02-05 13:24:51.447985|0x00007fbb8effd700](/home/wwk/workspaces/test_demo/src/main.cc:11)  [info]Thread 18 - Info message 0
[2025-02-05 13:24:51.448859|0x00007fbb8f7fe700](/home/wwk/workspaces/test_demo/src/main.cc:13)  [error]Thread 17 - Error message 0
[2025-02-05 13:24:51.449997|0x00007fbb8effd700](/home/wwk/workspaces/test_demo/src/main.cc:12)  [warning]Thread 18 - Warn message 0
[2025-02-05 13:24:51.450035|0x00007fbb8f7fe700](/home/wwk/workspaces/test_demo/src/main.cc:14)  [fatal]Thread 17 - fatal message 0
[2025-02-05 13:24:51.447554|0x00007fbb8ffff700](/home/wwk/workspaces/test_demo/src/main.cc:11)  [info]Thread 16 - Info message 0
[2025-02-05 13:24:51.450117|0x00007fbbb27fc700](/home/wwk/workspaces/test_demo/src/main.cc:11)  [info]Thread 12 - Info message 2
[2025-02-05 13:24:51.450184|0x00007fbbb2ffd700](/home/wwk/workspaces/test_demo/src/main.cc:13)  [error]Thread 11 - Error message 0
[2025-02-05 13:24:51.449360|0x00007fbbb17fa700](/home/wwk/workspaces/test_demo/src/main.cc:12)  [warning]Thread 14 - Warn message 1
[2025-02-05 13:24:51.448241|0x00007fbbd216f700](/home/wwk/workspaces/test_demo/src/main.cc:11)  [info]Thread 5 - Info message 2
[2025-02-05 13:24:51.450373|0x00007fbbb17fa700](/home/wwk/workspaces/test_demo/src/main.cc:13)  [error]Thread 14 - Error message 1
[2025-02-05 13:24:51.450444|0x00007fbbb17fa700](/home/wwk/workspaces/test_demo/src/main.cc:14)  [fatal]Thread 14 - fatal message 1
[2025-02-05 13:24:51.447427|0x00007fbbd3171700](/home/wwk/workspaces/test_demo/src/main.cc:11)  [info]Thread 3 - Info message 2
[2025-02-05 13:24:51.450505|0x00007fbbd216f700](/home/wwk/workspaces/test_demo/src/main.cc:12)  [warning]Thread 5 - Warn message 2
[2025-02-05 13:24:51.450666|0x00007fbbd3972700](/home/wwk/workspaces/test_demo/src/main.cc:11)  [info]Thread 2 - Info message 2
[2025-02-05 13:24:51.449292|0x00007fbbd096c700](/home/wwk/workspaces/test_demo/src/main.cc:13)  [error]Thread 8 - Error message 0
[2025-02-05 13:24:51.450752|0x00007fbbd3972700](/home/wwk/workspaces/test_demo/src/main.cc:12)  [warning]Thread 2 - Warn message 2
[2025-02-05 13:24:51.450803|0x00007fbbd3972700](/home/wwk/workspaces/test_demo/src/main.cc:13)  [error]Thread 2 - Error message 2
[2025-02-05 13:24:51.448808|0x00007fbbd116d700](/home/wwk/workspaces/test_demo/src/main.cc:14)  [fatal]Thread 7 - fatal message 1
[2025-02-05 13:24:51.450894|0x00007fbbb1ffb700](/home/wwk/workspaces/test_demo/src/main.cc:11)  [info]Thread 13 - Info message 2
[2025-02-05 13:24:51.448475|0x00007fbbd196e700](/home/wwk/workspaces/test_demo/src/main.cc:11)  [info]Thread 6 - Info message 2
[2025-02-05 13:24:51.450791|0x00007fbbb37fe700](/home/wwk/workspaces/test_demo/src/main.cc:13)  [error]Thread 10 - Error message 0
[2025-02-05 13:24:51.451132|0x00007fbb8effd700](/home/wwk/workspaces/test_demo/src/main.cc:13)  [error]Thread 18 - Error message 0
[2025-02-05 13:24:51.449110|0x00007fbbb0ff9700](/home/wwk/workspaces/test_demo/src/main.cc:14)  [fatal]Thread 15 - fatal message 0
[2025-02-05 13:24:51.451109|0x00007fbbd196e700](/home/wwk/workspaces/test_demo/src/main.cc:13)  [warning]Thread 6 - Warn message 2
[2025-02-05 13:24:51.451196|0x00007fbbb37fe700](/home/wwk/workspaces/test_demo/src/main.cc:14)  [fatal]Thread 10 - fatal message 0
[2025-02-05 13:24:51.450538|0x00007fbbd2970700](/home/wwk/workspaces/test_demo/src/main.cc:12)  [warning]Thread 4 - Warn message 2
[2025-02-05 13:24:51.450393|0x00007fbb8ffff700](/home/wwk/workspaces/test_demo/src/main.cc:12)  [warning]Thread 16 - Warn message 0
[2025-02-05 13:24:51.450079|0x00007fbb8f7fe700](/home/wwk/workspaces/test_demo/src/main.cc:11)  [info]Thread 17 - Info message 1
[2025-02-05 13:24:51.451603|0x00007fbbb37fe700](/home/wwk/workspaces/test_demo/src/main.cc:11)  [info]Thread 10 - Info message 1
[2025-02-05 13:24:51.451575|0x00007fbb8ffff700](/home/wwk/workspaces/test_demo/src/main.cc:13)  [error]Thread 16 - Error message 0
[2025-02-05 13:24:51.451646|0x00007fbb8ffff700](/home/wwk/workspaces/test_demo/src/main.cc:14)  [fatal]Thread 16 - fatal message 0
[2025-02-05 13:24:51.450203|0x00007fbbb27fc700](/home/wwk/workspaces/test_demo/src/main.cc:12)  [warning]Thread 12 - Warn message 2
[2025-02-05 13:24:51.451704|0x00007fbb8ffff700](/home/wwk/workspaces/test_demo/src/main.cc:11)  [info]Thread 16 - Info message 1
[2025-02-05 13:24:51.451684|0x00007fbbb37fe700](/home/wwk/workspaces/test_demo/src/main.cc:12)  [warning]Thread 10 - Warn message 1
[2025-02-05 13:24:51.451756|0x00007fbb8ffff700](/home/wwk/workspaces/test_demo/src/main.cc:12)  [warning]Thread 16 - Warn message 1
[2025-02-05 13:24:51.451758|0x00007fbbb27fc700](/home/wwk/workspaces/test_demo/src/main.cc:12)  [error]Thread 12 - Error message 2
[2025-02-05 13:24:51.451826|0x00007fbbb37fe700](/home/wwk/workspaces/test_demo/src/main.cc:13)  [error]Thread 10 - Error message 1
[2025-02-05 13:24:51.451276|0x00007fbbd116d700](/home/wwk/workspaces/test_demo/src/main.cc:11)  [info]Thread 7 - Info message 2
[2025-02-05 13:24:51.451917|0x00007fbbb37fe700](/home/wwk/workspaces/test_demo/src/main.cc:14)  [fatal]Thread 10 - fatal message 1
[2025-02-05 13:24:51.451297|0x00007fbbb0ff9700](/home/wwk/workspaces/test_demo/src/main.cc:11)  [info]Thread 15 - Info message 1
[2025-02-05 13:24:51.451955|0x00007fbbd116d700](/home/wwk/workspaces/test_demo/src/main.cc:12)  [warning]Thread 7 - Warn message 2
[2025-02-05 13:24:51.451699|0x00007fbb8f7fe700](/home/wwk/workspaces/test_demo/src/main.cc:11)  [warning]Thread 17 - Warn message 1
[2025-02-05 13:24:51.452000|0x00007fbbb0ff9700](/home/wwk/workspaces/test_demo/src/main.cc:12)  [warning]Thread 15 - Warn message 1
[2025-02-05 13:24:51.452100|0x00007fbbb0ff9700](/home/wwk/workspaces/test_demo/src/main.cc:13)  [error]Thread 15 - Error message 1
[2025-02-05 13:24:51.451037|0x00007fbbb1ffb700](/home/wwk/workspaces/test_demo/src/main.cc:12)  [warning]Thread 13 - Warn message 2
[2025-02-05 13:24:51.452168|0x00007fbbb0ff9700](/home/wwk/workspaces/test_demo/src/main.cc:13)  [fatal]Thread 15 - fatal message 1
[2025-02-05 13:24:51.449920|0x00007fbbd4974700](/home/wwk/workspaces/test_demo/src/main.cc:14)  [fatal]Thread 0 - fatal message 1
[2025-02-05 13:24:51.452240|0x00007fbbd196e700](/home/wwk/workspaces/test_demo/src/main.cc:13)  [error]Thread 6 - Error message 2
[2025-02-05 13:24:51.451493|0x00007fbbb2ffd700](/home/wwk/workspaces/test_demo/src/main.cc:14)  [fatal]Thread 11 - fatal message 0
[2025-02-05 13:24:51.452407|0x00007fbbb17fa700](/home/wwk/workspaces/test_demo/src/main.cc:11)  [info]Thread 14 - Info message 2
[2025-02-05 13:24:51.452372|0x00007fbbd196e700](/home/wwk/workspaces/test_demo/src/main.cc:10)  [fatal]Thread 6 - fatal message 2
[2025-02-05 13:24:51.452448|0x00007fbbb17fa700](/home/wwk/workspaces/test_demo/src/main.cc:12)  [warning]Thread 14 - Warn message 2
[2025-02-05 13:24:51.452527|0x00007fbbb17fa700](/home/wwk/workspaces/test_demo/src/main.cc:13)  [error]Thread 14 - Error message 2
[2025-02-05 13:24:51.452493|0x00007fbbd196e700](/home/wwk/workspaces/test_demo/src/main.cc:11)  [info]Thread 6 - Info message 3
[2025-02-05 13:24:51.452555|0x00007fbbb17fa700](/home/wwk/workspaces/test_demo/src/main.cc:14)  [fatal]Thread 14 - fatal message 2
[2025-02-05 13:24:51.452592|0x00007fbbb17fa700](/home/wwk/workspaces/test_demo/src/main.cc:11)  [info]Thread 14 - Info message 3
[2025-02-05 13:24:51.452200|0x00007fbbb1ffb700](/home/wwk/workspaces/test_demo/src/main.cc:13)  [error]Thread 13 - Error message 2
[2025-02-05 13:24:51.452574|0x00007fbbd196e700](/home/wwk/workspaces/test_demo/src/main.cc:12)  [warning]Thread 6 - Warn message 3
[2025-02-05 13:24:51.452673|0x00007fbbd196e700](/home/wwk/workspaces/test_demo/src/main.cc:13)  [error]Thread 6 - Error message 3
[2025-02-05 13:24:51.452386|0x00007fbbd4974700](/home/wwk/workspaces/test_demo/src/main.cc:9)  [info]Thread 0 - Info message 2
[2025-02-05 13:24:51.452663|0x00007fbbb1ffb700](/home/wwk/workspaces/test_demo/src/main.cc:14)  [fatal]Thread 13 - fatal message 2
[2025-02-05 13:24:51.452926|0x00007fbbd4974700](/home/wwk/workspaces/test_demo/src/main.cc:11)  [warning]Thread 0 - Warn message 2
[2025-02-05 13:24:51.452980|0x00007fbb8e7fc700](/home/wwk/workspaces/test_demo/src/main.cc:14)  [fatal]Thread 19 - fatal message 0
[2025-02-05 13:24:51.452932|0x00007fbbb1ffb700](/home/wwk/workspaces/test_demo/src/main.cc:11)  [info]Thread 13 - Info message 3
[2025-02-05 13:24:51.453019|0x00007fbbb37fe700](/home/wwk/workspaces/test_demo/src/main.cc:11)  [info]Thread 10 - Info message 2
[2025-02-05 13:24:51.453071|0x00007fbbb37fe700](/home/wwk/workspaces/test_demo/src/main.cc:12)  [warning]Thread 10 - Warn message 2
[2025-02-05 13:24:51.453086|0x00007fbbb1ffb700](/home/wwk/workspaces/test_demo/src/main.cc:12)  [warning]Thread 13 - Warn message 3
[2025-02-05 13:24:51.453117|0x00007fbbb37fe700](/home/wwk/workspaces/test_demo/src/main.cc:13)  [error]Thread 10 - Error message 2
[2025-02-05 13:24:51.453001|0x00007fbbd4974700](/home/wwk/workspaces/test_demo/src/main.cc:13)  [error]Thread 0 - Error message 2
[2025-02-05 13:24:51.453156|0x00007fbbb37fe700](/home/wwk/workspaces/test_demo/src/main.cc:14)  [fatal]Thread 10 - fatal message 2
[2025-02-05 13:24:51.453034|0x00007fbb8e7fc700](/home/wwk/workspaces/test_demo/src/main.cc:11)  [info]Thread 19 - Info message 1
[2025-02-05 13:24:51.453188|0x00007fbbb37fe700](/home/wwk/workspaces/test_demo/src/main.cc:11)  [info]Thread 10 - Info message 3
[2025-02-05 13:24:51.453222|0x00007fbbb37fe700](/home/wwk/workspaces/test_demo/src/main.cc:12)  [warning]Thread 10 - Warn message 3
[2025-02-05 13:24:51.453137|0x00007fbbb1ffb700](/home/wwk/workspaces/test_demo/src/main.cc:13)  [error]Thread 13 - Error message 3
[2025-02-05 13:24:51.453206|0x00007fbbd4974700](/home/wwk/workspaces/test_demo/src/main.cc:14)  [fatal]Thread 0 - fatal message 2
[2025-02-05 13:24:51.453377|0x00007fbbb3fff700](/home/wwk/workspaces/test_demo/src/main.cc:14)  [fatal]Thread 9 - fatal message 0
[2025-02-05 13:24:51.453418|0x00007fbbb2ffd700](/home/wwk/workspaces/test_demo/src/main.cc:11)  [info]Thread 11 - Info message 1
[2025-02-05 13:24:51.453522|0x00007fbbd216f700](/home/wwk/workspaces/test_demo/src/main.cc:13)  [error]Thread 5 - Error message 2
[2025-02-05 13:24:51.453608|0x00007fbbb3fff700](/home/wwk/workspaces/test_demo/src/main.cc:11)  [info]Thread 9 - Info message 1
[2025-02-05 13:24:51.453727|0x00007fbbb3fff700](/home/wwk/workspaces/test_demo/src/main.cc:14)  [warning]Thread 9 - Warn message 1
[2025-02-05 13:24:51.450545|0x00007fbbd3171700](/home/wwk/workspaces/test_demo/src/main.cc:12)  [warning]Thread 3 - Warn message 2
[2025-02-05 13:24:51.453633|0x00007fbbb2ffd700](/home/wwk/workspaces/test_demo/src/main.cc:12)  [warning]Thread 11 - Warn message 1
[2025-02-05 13:24:51.453784|0x00007fbbb27fc700](/home/wwk/workspaces/test_demo/src/main.cc:14)  [fatal]Thread 12 - fatal message 2
[2025-02-05 13:24:51.453729|0x00007fbbd196e700](/home/wwk/workspaces/test_demo/src/main.cc:14)  [fatal]Thread 6 - fatal message 3
[2025-02-05 13:24:51.453753|0x00007fbbd216f700](/home/wwk/workspaces/test_demo/src/main.cc:14)  [fatal]Thread 5 - fatal message 2
[2025-02-05 13:24:51.453849|0x00007fbb8effd700](/home/wwk/workspaces/test_demo/src/main.cc:14)  [fatal]Thread 18 - fatal message 0
[2025-02-05 13:24:51.453828|0x00007fbbb2ffd700](/home/wwk/workspaces/test_demo/src/main.cc:11)  [error]Thread 11 - Error message 1
[2025-02-05 13:24:51.453914|0x00007fbb8effd700](/home/wwk/workspaces/test_demo/src/main.cc:11)  [info]Thread 18 - Info message 1
[2025-02-05 13:24:51.453969|0x00007fbb8effd700](/home/wwk/workspaces/test_demo/src/main.cc:12)  [warning]Thread 18 - Warn message 1
[2025-02-05 13:24:51.453807|0x00007fbbd3171700](/home/wwk/workspaces/test_demo/src/main.cc:14)  [error]Thread 3 - Error message 2
[2025-02-05 13:24:51.453955|0x00007fbbb2ffd700](/home/wwk/workspaces/test_demo/src/main.cc:14)  [fatal]Thread 11 - fatal message 1
[2025-02-05 13:24:51.453874|0x00007fbbd216f700](/home/wwk/workspaces/test_demo/src/main.cc:11)  [info]Thread 5 - Info message 3
[2025-02-05 13:24:51.454085|0x00007fbbb2ffd700](/home/wwk/workspaces/test_demo/src/main.cc:11)  [info]Thread 11 - Info message 2
[2025-02-05 13:24:51.454044|0x00007fbbd3171700](/home/wwk/workspaces/test_demo/src/main.cc:14)  [fatal]Thread 3 - fatal message 2
[2025-02-05 13:24:51.454210|0x00007fbbb1ffb700](/home/wwk/workspaces/test_demo/src/main.cc:14)  [fatal]Thread 13 - fatal message 3
[2025-02-05 13:24:51.454241|0x00007fbbd3171700](/home/wwk/workspaces/test_demo/src/main.cc:11)  [info]Thread 3 - Info message 3
[2025-02-05 13:24:51.453458|0x00007fbbd4974700](/home/wwk/workspaces/test_demo/src/main.cc:11)  [info]Thread 0 - Info message 3
[2025-02-05 13:24:51.454168|0x00007fbb8e7fc700](/home/wwk/workspaces/test_demo/src/main.cc:12)  [warning]Thread 19 - Warn message 1
[2025-02-05 13:24:51.454395|0x00007fbbd3171700](/home/wwk/workspaces/test_demo/src/main.cc:12)  [warning]Thread 3 - Warn message 3
[2025-02-05 13:24:51.454290|0x00007fbbb1ffb700](/home/wwk/workspaces/test_demo/src/main.cc:11)  [info]Thread 13 - Info message 4
[2025-02-05 13:24:51.454384|0x00007fbbd4974700](/home/wwk/workspaces/test_demo/src/main.cc:12)  [warning]Thread 0 - Warn message 3
[2025-02-05 13:24:51.454550|0x00007fbbd3171700](/home/wwk/workspaces/test_demo/src/main.cc:13)  [error]Thread 3 - Error message 3
[2025-02-05 13:24:51.454559|0x00007fbbd4974700](/home/wwk/workspaces/test_demo/src/main.cc:13)  [error]Thread 0 - Error message 3
[2025-02-05 13:24:51.454611|0x00007fbbb1ffb700](/home/wwk/workspaces/test_demo/src/main.cc:12)  [warning]Thread 13 - Warn message 4
[2025-02-05 13:24:51.450842|0x00007fbbd096c700](/home/wwk/workspaces/test_demo/src/main.cc:11)  [fatal]Thread 8 - fatal message 0
[2025-02-05 13:24:51.454582|0x00007fbbd3171700](/home/wwk/workspaces/test_demo/src/main.cc:14)  [fatal]Thread 3 - fatal message 3
[2025-02-05 13:24:51.454812|0x00007fbbd096c700](/home/wwk/workspaces/test_demo/src/main.cc:11)  [info]Thread 8 - Info message 1
[2025-02-05 13:24:51.454879|0x00007fbbd096c700](/home/wwk/workspaces/test_demo/src/main.cc:12)  [warning]Thread 8 - Warn message 1
[2025-02-05 13:24:51.454701|0x00007fbbb1ffb700](/home/wwk/workspaces/test_demo/src/main.cc:13)  [error]Thread 13 - Error message 4
[2025-02-05 13:24:51.454868|0x00007fbbd3171700](/home/wwk/workspaces/test_demo/src/main.cc:11)  [info]Thread 3 - Info message 4
[2025-02-05 13:24:51.454903|0x00007fbbd096c700](/home/wwk/workspaces/test_demo/src/main.cc:13)  [error]Thread 8 - Error message 1
[2025-02-05 13:24:51.454919|0x00007fbbd3171700](/home/wwk/workspaces/test_demo/src/main.cc:12)  [warning]Thread 3 - Warn message 4
[2025-02-05 13:24:51.454883|0x00007fbbd196e700](/home/wwk/workspaces/test_demo/src/main.cc:11)  [info]Thread 6 - Info message 4
[2025-02-05 13:24:51.454914|0x00007fbbb1ffb700](/home/wwk/workspaces/test_demo/src/main.cc:14)  [fatal]Thread 13 - fatal message 4
[2025-02-05 13:24:51.454924|0x00007fbbd096c700](/home/wwk/workspaces/test_demo/src/main.cc:14)  [fatal]Thread 8 - fatal message 1
[2025-02-05 13:24:51.454975|0x00007fbbb1ffb700](/home/wwk/workspaces/test_demo/src/main.cc:11)  [info]Thread 13 - Info message 5
[2025-02-05 13:24:51.451573|0x00007fbbd2970700](/home/wwk/workspaces/test_demo/src/main.cc:13)  [error]Thread 4 - Error message 2
[2025-02-05 13:24:51.455025|0x00007fbbb37fe700](/home/wwk/workspaces/test_demo/src/main.cc:13)  [error]Thread 10 - Error message 3
[2025-02-05 13:24:51.454134|0x00007fbbd216f700](/home/wwk/workspaces/test_demo/src/main.cc:12)  [warning]Thread 5 - Warn message 3
[2025-02-05 13:24:51.455013|0x00007fbbb1ffb700](/home/wwk/workspaces/test_demo/src/main.cc:11)  [warning]Thread 13 - Warn message 5
[2025-02-05 13:24:51.455135|0x00007fbbb1ffb700](/home/wwk/workspaces/test_demo/src/main.cc:13)  [error]Thread 13 - Error message 5
[2025-02-05 13:24:51.455133|0x00007fbbd216f700](/home/wwk/workspaces/test_demo/src/main.cc:13)  [error]Thread 5 - Error message 3
[2025-02-05 13:24:51.455013|0x00007fbbd196e700](/home/wwk/workspaces/test_demo/src/main.cc:11)  [warning]Thread 6 - Warn message 4
[2025-02-05 13:24:51.455152|0x00007fbbb1ffb700](/home/wwk/workspaces/test_demo/src/main.cc:14)  [fatal]Thread 13 - fatal message 5
[2025-02-05 13:24:51.455243|0x00007fbb8e7fc700](/home/wwk/workspaces/test_demo/src/main.cc:13)  [error]Thread 19 - Error message 1
[2025-02-05 13:24:51.455277|0x00007fbbd196e700](/home/wwk/workspaces/test_demo/src/main.cc:13)  [error]Thread 6 - Error message 4
[2025-02-05 13:24:51.455314|0x00007fbbd196e700](/home/wwk/workspaces/test_demo/src/main.cc:14)  [fatal]Thread 6 - fatal message 4
[2025-02-05 13:24:51.455317|0x00007fbb8e7fc700](/home/wwk/workspaces/test_demo/src/main.cc:14)  [fatal]Thread 19 - fatal message 1
[2025-02-05 13:24:51.455285|0x00007fbbb1ffb700](/home/wwk/workspaces/test_demo/src/main.cc:11)  [info]Thread 13 - Info message 6
[2025-02-05 13:24:51.455378|0x00007fbbd4974700](/home/wwk/workspaces/test_demo/src/main.cc:14)  [fatal]Thread 0 - fatal message 3
[2025-02-05 13:24:51.452169|0x00007fbb8f7fe700](/home/wwk/workspaces/test_demo/src/main.cc:13)  [error]Thread 17 - Error message 1
[2025-02-05 13:24:51.455491|0x00007fbbb0ff9700](/home/wwk/workspaces/test_demo/src/main.cc:11)  [info]Thread 15 - Info message 2
[2025-02-05 13:24:51.455508|0x00007fbb8f7fe700](/home/wwk/workspaces/test_demo/src/main.cc:14)  [fatal]Thread 17 - fatal message 1
[2025-02-05 13:24:51.455417|0x00007fbbb27fc700](/home/wwk/workspaces/test_demo/src/main.cc:11)  [info]Thread 12 - Info message 3
[2025-02-05 13:24:51.455468|0x00007fbbd4974700](/home/wwk/workspaces/test_demo/src/main.cc:11)  [info]Thread 0 - Info message 4
[2025-02-05 13:24:51.455538|0x00007fbbb0ff9700](/home/wwk/workspaces/test_demo/src/main.cc:12)  [warning]Thread 15 - Warn message 2
[2025-02-05 13:24:51.455594|0x00007fbbd4974700](/home/wwk/workspaces/test_demo/src/main.cc:12)  [warning]Thread 0 - Warn message 4
[2025-02-05 13:24:51.455583|0x00007fbbb27fc700](/home/wwk/workspaces/test_demo/src/main.cc:9)  [warning]Thread 12 - Warn message 3
[2025-02-05 13:24:51.455033|0x00007fbbd096c700](/home/wwk/workspaces/test_demo/src/main.cc:11)  [info]Thread 8 - Info message 2
[2025-02-05 13:24:51.455618|0x00007fbbb2ffd700](/home/wwk/workspaces/test_demo/src/main.cc:11)  [warning]Thread 11 - Warn message 2
[2025-02-05 13:24:51.455620|0x00007fbb8f7fe700](/home/wwk/workspaces/test_demo/src/main.cc:11)  [info]Thread 17 - Info message 2
[2025-02-05 13:24:51.455749|0x00007fbbd4974700](/home/wwk/workspaces/test_demo/src/main.cc:13)  [error]Thread 0 - Error message 4
[2025-02-05 13:24:51.455937|0x00007fbb8f7fe700](/home/wwk/workspaces/test_demo/src/main.cc:12)  [warning]Thread 17 - Warn message 2
[2025-02-05 13:24:51.455972|0x00007fbbb27fc700](/home/wwk/workspaces/test_demo/src/main.cc:13)  [error]Thread 12 - Error message 3
[2025-02-05 13:24:51.455975|0x00007fbb8f7fe700](/home/wwk/workspaces/test_demo/src/main.cc:13)  [error]Thread 17 - Error message 2
[2025-02-05 13:24:51.455967|0x00007fbbd4974700](/home/wwk/workspaces/test_demo/src/main.cc:14)  [fatal]Thread 0 - fatal message 4
[2025-02-05 13:24:51.456073|0x00007fbbd4974700](/home/wwk/workspaces/test_demo/src/main.cc:11)  [info]Thread 0 - Info message 5
[2025-02-05 13:24:51.456103|0x00007fbb8f7fe700](/home/wwk/workspaces/test_demo/src/main.cc:14)  [fatal]Thread 17 - fatal message 2
[2025-02-05 13:24:51.456209|0x00007fbbd4974700](/home/wwk/workspaces/test_demo/src/main.cc:12)  [warning]Thread 0 - Warn message 5
[2025-02-05 13:24:51.456251|0x00007fbbd4974700](/home/wwk/workspaces/test_demo/src/main.cc:13)  [error]Thread 0 - Error message 5
[2025-02-05 13:24:51.456247|0x00007fbbb3fff700](/home/wwk/workspaces/test_demo/src/main.cc:13)  [error]Thread 9 - Error message 1
[2025-02-05 13:24:51.456262|0x00007fbb8f7fe700](/home/wwk/workspaces/test_demo/src/main.cc:11)  [info]Thread 17 - Info message 3
[2025-02-05 13:24:51.456340|0x00007fbbd196e700](/home/wwk/workspaces/test_demo/src/main.cc:11)  [info]Thread 6 - Info message 5
[2025-02-05 13:24:51.456380|0x00007fbbb1ffb700](/home/wwk/workspaces/test_demo/src/main.cc:12)  [warning]Thread 13 - Warn message 6
[2025-02-05 13:24:51.456407|0x00007fbbd196e700](/home/wwk/workspaces/test_demo/src/main.cc:13)  [warning]Thread 6 - Warn message 5
[2025-02-05 13:24:51.456344|0x00007fbb8f7fe700](/home/wwk/workspaces/test_demo/src/main.cc:12)  [warning]Thread 17 - Warn message 3
[2025-02-05 13:24:51.456475|0x00007fbbd196e700](/home/wwk/workspaces/test_demo/src/main.cc:13)  [error]Thread 6 - Error message 5
[2025-02-05 13:24:51.456442|0x00007fbbd4173700](/home/wwk/workspaces/test_demo/src/main.cc:13)  [error]Thread 1 - Error message 2
[2025-02-05 13:24:51.456472|0x00007fbbd3171700](/home/wwk/workspaces/test_demo/src/main.cc:13)  [error]Thread 3 - Error message 4
[2025-02-05 13:24:51.456408|0x00007fbb8effd700](/home/wwk/workspaces/test_demo/src/main.cc:13)  [error]Thread 18 - Error message 1
[2025-02-05 13:24:51.456585|0x00007fbb8effd700](/home/wwk/workspaces/test_demo/src/main.cc:14)  [fatal]Thread 18 - fatal message 1
[2025-02-05 13:24:51.456629|0x00007fbbd4173700](/home/wwk/workspaces/test_demo/src/main.cc:14)  [fatal]Thread 1 - fatal message 2
[2025-02-05 13:24:51.456672|0x00007fbb8effd700](/home/wwk/workspaces/test_demo/src/main.cc:11)  [info]Thread 18 - Info message 2
[2025-02-05 13:24:51.456717|0x00007fbb8effd700](/home/wwk/workspaces/test_demo/src/main.cc:12)  [warning]Thread 18 - Warn message 2
[2025-02-05 13:24:51.455880|0x00007fbb8ffff700](/home/wwk/workspaces/test_demo/src/main.cc:13)  [error]Thread 16 - Error message 1
[2025-02-05 13:24:51.462343|0x00007fbbb2ffd700](/home/wwk/workspaces/test_demo/src/main.cc:13)  [error]Thread 11 - Error message 2
[2025-02-05 13:24:51.455088|0x00007fbbd2970700](/home/wwk/workspaces/test_demo/src/main.cc:14)  [fatal]Thread 4 - fatal message 2
[2025-02-05 13:24:51.462362|0x00007fbb8ffff700](/home/wwk/workspaces/test_demo/src/main.cc:14)  [fatal]Thread 16 - fatal message 1
[2025-02-05 13:24:51.462433|0x00007fbbd216f700](/home/wwk/workspaces/test_demo/src/main.cc:14)  [fatal]Thread 5 - fatal message 3
[2025-02-05 13:24:51.462447|0x00007fbb8ffff700](/home/wwk/workspaces/test_demo/src/main.cc:11)  [info]Thread 16 - Info message 2
[2025-02-05 13:24:51.462418|0x00007fbbd2970700](/home/wwk/workspaces/test_demo/src/main.cc:11)  [info]Thread 4 - Info message 3
[2025-02-05 13:24:51.462465|0x00007fbbd2970700](/home/wwk/workspaces/test_demo/src/main.cc:11)  [warning]Thread 4 - Warn message 3
[2025-02-05 13:24:51.462482|0x00007fbbd2970700](/home/wwk/workspaces/test_demo/src/main.cc:13)  [error]Thread 4 - Error message 3
[2025-02-05 13:24:51.462497|0x00007fbbd2970700](/home/wwk/workspaces/test_demo/src/main.cc:14)  [fatal]Thread 4 - fatal message 3
[2025-02-05 13:24:51.462493|0x00007fbb8ffff700](/home/wwk/workspaces/test_demo/src/main.cc:12)  [warning]Thread 16 - Warn message 2
[2025-02-05 13:24:51.462537|0x00007fbb8ffff700](/home/wwk/workspaces/test_demo/src/main.cc:13)  [error]Thread 16 - Error message 2
[2025-02-05 13:24:51.462553|0x00007fbb8ffff700](/home/wwk/workspaces/test_demo/src/main.cc:14)  [fatal]Thread 16 - fatal message 2
[2025-02-05 13:24:51.462590|0x00007fbbb3fff700](/home/wwk/workspaces/test_demo/src/main.cc:14)  [fatal]Thread 9 - fatal message 1
[2025-02-05 13:24:51.462574|0x00007fbb8ffff700](/home/wwk/workspaces/test_demo/src/main.cc:11)  [info]Thread 16 - Info message 3
[2025-02-05 13:24:51.462629|0x00007fbb8ffff700](/home/wwk/workspaces/test_demo/src/main.cc:12)  [warning]Thread 16 - Warn message 3
[2025-02-05 13:24:51.462625|0x00007fbbb3fff700](/home/wwk/workspaces/test_demo/src/main.cc:11)  [info]Thread 9 - Info message 2
[2025-02-05 13:24:51.462675|0x00007fbbb3fff700](/home/wwk/workspaces/test_demo/src/main.cc:12)  [warning]Thread 9 - Warn message 2
[2025-02-05 13:24:51.462692|0x00007fbbb3fff700](/home/wwk/workspaces/test_demo/src/main.cc:13)  [error]Thread 9 - Error message 2
[2025-02-05 13:24:51.462707|0x00007fbbb3fff700](/home/wwk/workspaces/test_demo/src/main.cc:14)  [fatal]Thread 9 - fatal message 2
[2025-02-05 13:24:51.462703|0x00007fbbd3972700](/home/wwk/workspaces/test_demo/src/main.cc:14)  [fatal]Thread 2 - fatal message 2
[2025-02-05 13:24:51.462770|0x00007fbbd3972700](/home/wwk/workspaces/test_demo/src/main.cc:11)  [info]Thread 2 - Info message 3
[2025-02-05 13:24:51.462823|0x00007fbbd3972700](/home/wwk/workspaces/test_demo/src/main.cc:12)  [warning]Thread 2 - Warn message 3
[2025-02-05 13:24:51.462848|0x00007fbbb0ff9700](/home/wwk/workspaces/test_demo/src/main.cc:13)  [error]Thread 15 - Error message 2
[2025-02-05 13:24:51.462905|0x00007fbbb0ff9700](/home/wwk/workspaces/test_demo/src/main.cc:14)  [fatal]Thread 15 - fatal message 2
[2025-02-05 13:24:51.462886|0x00007fbbd3171700](/home/wwk/workspaces/test_demo/src/main.cc:14)  [fatal]Thread 3 - fatal message 4
[2025-02-05 13:24:51.462957|0x00007fbbb0ff9700](/home/wwk/workspaces/test_demo/src/main.cc:11)  [info]Thread 15 - Info message 3
[2025-02-05 13:24:51.462942|0x00007fbbd3171700](/home/wwk/workspaces/test_demo/src/main.cc:11)  [info]Thread 3 - Info message 5
[2025-02-05 13:24:51.462994|0x00007fbbd3171700](/home/wwk/workspaces/test_demo/src/main.cc:12)  [warning]Thread 3 - Warn message 5
[2025-02-05 13:24:51.463077|0x00007fbb8effd700](/home/wwk/workspaces/test_demo/src/main.cc:13)  [error]Thread 18 - Error message 2
[2025-02-05 13:24:51.463138|0x00007fbb8effd700](/home/wwk/workspaces/test_demo/src/main.cc:14)  [fatal]Thread 18 - fatal message 2
[2025-02-05 13:24:51.463230|0x00007fbbb27fc700](/home/wwk/workspaces/test_demo/src/main.cc:14)  [fatal]Thread 12 - fatal message 3
[2025-02-05 13:24:51.452686|0x00007fbbb17fa700](/home/wwk/workspaces/test_demo/src/main.cc:12)  [warning]Thread 14 - Warn message 3
[2025-02-05 13:24:51.463429|0x00007fbbb27fc700](/home/wwk/workspaces/test_demo/src/main.cc:11)  [info]Thread 12 - Info message 4
[2025-02-05 13:24:51.463372|0x00007fbbb17fa700](/home/wwk/workspaces/test_demo/src/main.cc:13)  [error]Thread 14 - Error message 3
[2025-02-05 13:24:51.463568|0x00007fbbb17fa700](/home/wwk/workspaces/test_demo/src/main.cc:14)  [fatal]Thread 14 - fatal message 3
[2025-02-05 13:24:51.463623|0x00007fbbd4974700](/home/wwk/workspaces/test_demo/src/main.cc:9)  [fatal]Thread 0 - fatal message 5
[2025-02-05 13:24:51.463666|0x00007fbb8e7fc700](/home/wwk/workspaces/test_demo/src/main.cc:11)  [info]Thread 19 - Info message 2
[2025-02-05 13:24:51.463660|0x00007fbbb17fa700](/home/wwk/workspaces/test_demo/src/main.cc:11)  [info]Thread 14 - Info message 4
[2025-02-05 13:24:51.463861|0x00007fbb8f7fe700](/home/wwk/workspaces/test_demo/src/main.cc:13)  [error]Thread 17 - Error message 3
[2025-02-05 13:24:51.463851|0x00007fbbb17fa700](/home/wwk/workspaces/test_demo/src/main.cc:13)  [warning]Thread 14 - Warn message 4
[2025-02-05 13:24:51.463858|0x00007fbb8e7fc700](/home/wwk/workspaces/test_demo/src/main.cc:13)  [warning]Thread 19 - Warn message 2
[2025-02-05 13:24:51.463922|0x00007fbb8f7fe700](/home/wwk/workspaces/test_demo/src/main.cc:14)  [fatal]Thread 17 - fatal message 3
[2025-02-05 13:24:51.463946|0x00007fbb8f7fe700](/home/wwk/workspaces/test_demo/src/main.cc:11)  [info]Thread 17 - Info message 4
[2025-02-05 13:24:51.463905|0x00007fbbb17fa700](/home/wwk/workspaces/test_demo/src/main.cc:13)  [error]Thread 14 - Error message 4
[2025-02-05 13:24:51.462862|0x00007fbbd3972700](/home/wwk/workspaces/test_demo/src/main.cc:13)  [error]Thread 2 - Error message 3
[2025-02-05 13:24:51.464064|0x00007fbbb17fa700](/home/wwk/workspaces/test_demo/src/main.cc:14)  [fatal]Thread 14 - fatal message 4
[2025-02-05 13:24:51.455877|0x00007fbbd096c700](/home/wwk/workspaces/test_demo/src/main.cc:13)  [warning]Thread 8 - Warn message 2
[2025-02-05 13:24:51.464093|0x00007fbbb17fa700](/home/wwk/workspaces/test_demo/src/main.cc:11)  [info]Thread 14 - Info message 5
[2025-02-05 13:24:51.463857|0x00007fbb8ffff700](/home/wwk/workspaces/test_demo/src/main.cc:13)  [error]Thread 16 - Error message 3
[2025-02-05 13:24:51.464257|0x00007fbbd3171700](/home/wwk/workspaces/test_demo/src/main.cc:13)  [error]Thread 3 - Error message 5
[2025-02-05 13:24:51.464132|0x00007fbbd096c700](/home/wwk/workspaces/test_demo/src/main.cc:13)  [error]Thread 8 - Error message 2
[2025-02-05 13:24:51.464357|0x00007fbbd096c700](/home/wwk/workspaces/test_demo/src/main.cc:14)  [fatal]Thread 8 - fatal message 2
[2025-02-05 13:24:51.464152|0x00007fbbb17fa700](/home/wwk/workspaces/test_demo/src/main.cc:12)  [warning]Thread 14 - Warn message 5
[2025-02-05 13:24:51.464402|0x00007fbb8ffff700](/home/wwk/workspaces/test_demo/src/main.cc:14)  [fatal]Thread 16 - fatal message 3
[2025-02-05 13:24:51.455084|0x00007fbbb37fe700](/home/wwk/workspaces/test_demo/src/main.cc:14)  [fatal]Thread 10 - fatal message 3
[2025-02-05 13:24:51.464469|0x00007fbb8ffff700](/home/wwk/workspaces/test_demo/src/main.cc:11)  [info]Thread 16 - Info message 4
[2025-02-05 13:24:51.464163|0x00007fbbd3972700](/home/wwk/workspaces/test_demo/src/main.cc:12)  [fatal]Thread 2 - fatal message 3
[2025-02-05 13:24:51.464496|0x00007fbbb37fe700](/home/wwk/workspaces/test_demo/src/main.cc:11)  [info]Thread 10 - Info message 4
[2025-02-05 13:24:51.464513|0x00007fbbd3972700](/home/wwk/workspaces/test_demo/src/main.cc:11)  [info]Thread 2 - Info message 4
[2025-02-05 13:24:51.464436|0x00007fbbb17fa700](/home/wwk/workspaces/test_demo/src/main.cc:13)  [error]Thread 14 - Error message 5
[2025-02-05 13:24:51.464901|0x00007fbbb17fa700](/home/wwk/workspaces/test_demo/src/main.cc:14)  [fatal]Thread 14 - fatal message 5
[2025-02-05 13:24:51.455254|0x00007fbbd116d700](/home/wwk/workspaces/test_demo/src/main.cc:13)  [error]Thread 7 - Error message 2
[2025-02-05 13:24:51.464945|0x00007fbbb17fa700](/home/wwk/workspaces/test_demo/src/main.cc:11)  [info]Thread 14 - Info message 6
[2025-02-05 13:24:51.464992|0x00007fbbd116d700](/home/wwk/workspaces/test_demo/src/main.cc:14)  [fatal]Thread 7 - fatal message 2
[2025-02-05 13:24:51.464987|0x00007fbbb17fa700](/home/wwk/workspaces/test_demo/src/main.cc:14)  [warning]Thread 14 - Warn message 6
[2025-02-05 13:24:51.465206|0x00007fbbb17fa700](/home/wwk/workspaces/test_demo/src/main.cc:13)  [error]Thread 14 - Error message 6
[2025-02-05 13:24:51.465082|0x00007fbbd116d700](/home/wwk/workspaces/test_demo/src/main.cc:11)  [info]Thread 7 - Info message 3
[2025-02-05 13:24:51.465166|0x00007fbbd4974700](/home/wwk/workspaces/test_demo/src/main.cc:11)  [info]Thread 0 - Info message 6
[2025-02-05 13:24:51.465268|0x00007fbbb3fff700](/home/wwk/workspaces/test_demo/src/main.cc:11)  [info]Thread 9 - Info message 3
[2025-02-05 13:24:51.465275|0x00007fbbd116d700](/home/wwk/workspaces/test_demo/src/main.cc:12)  [warning]Thread 7 - Warn message 3
[2025-02-05 13:24:51.465360|0x00007fbbb3fff700](/home/wwk/workspaces/test_demo/src/main.cc:12)  [warning]Thread 9 - Warn message 3
[2025-02-05 13:24:51.465423|0x00007fbbb3fff700](/home/wwk/workspaces/test_demo/src/main.cc:13)  [error]Thread 9 - Error message 3
[2025-02-05 13:24:51.465265|0x00007fbbb17fa700](/home/wwk/workspaces/test_demo/src/main.cc:14)  [fatal]Thread 14 - fatal message 6
[2025-02-05 13:24:51.465313|0x00007fbbd4974700](/home/wwk/workspaces/test_demo/src/main.cc:12)  [warning]Thread 0 - Warn message 6
[2025-02-05 13:24:51.465544|0x00007fbbd4173700](/home/wwk/workspaces/test_demo/src/main.cc:11)  [info]Thread 1 - Info message 3
[2025-02-05 13:24:51.465442|0x00007fbbd116d700](/home/wwk/workspaces/test_demo/src/main.cc:13)  [error]Thread 7 - Error message 3
[2025-02-05 13:24:51.465595|0x00007fbbd4974700](/home/wwk/workspaces/test_demo/src/main.cc:13)  [error]Thread 0 - Error message 6
[2025-02-05 13:24:51.465520|0x00007fbbb17fa700](/home/wwk/workspaces/test_demo/src/main.cc:11)  [info]Thread 14 - Info message 7
[2025-02-05 13:24:51.465629|0x00007fbbd116d700](/home/wwk/workspaces/test_demo/src/main.cc:12)  [fatal]Thread 7 - fatal message 3
[2025-02-05 13:24:51.465872|0x00007fbbb17fa700](/home/wwk/workspaces/test_demo/src/main.cc:12)  [warning]Thread 14 - Warn message 7
[2025-02-05 13:24:51.465914|0x00007fbb8ffff700](/home/wwk/workspaces/test_demo/src/main.cc:12)  [warning]Thread 16 - Warn message 4
[2025-02-05 13:24:51.465783|0x00007fbbd4974700](/home/wwk/workspaces/test_demo/src/main.cc:14)  [fatal]Thread 0 - fatal message 6
[2025-02-05 13:24:51.465632|0x00007fbbd4173700](/home/wwk/workspaces/test_demo/src/main.cc:12)  [warning]Thread 1 - Warn message 3
[2025-02-05 13:24:51.466069|0x00007fbbd116d700](/home/wwk/workspaces/test_demo/src/main.cc:11)  [info]Thread 7 - Info message 4
[2025-02-05 13:24:51.462467|0x00007fbbd216f700](/home/wwk/workspaces/test_demo/src/main.cc:11)  [info]Thread 5 - Info message 4
[2025-02-05 13:24:51.466252|0x00007fbbd216f700](/home/wwk/workspaces/test_demo/src/main.cc:13)  [warning]Thread 5 - Warn message 4
[2025-02-05 13:24:51.465104|0x00007fbbd2970700](/home/wwk/workspaces/test_demo/src/main.cc:11)  [info]Thread 4 - Info message 4
[2025-02-05 13:24:51.472344|0x00007fbb8e7fc700](/home/wwk/workspaces/test_demo/src/main.cc:12)  [error]Thread 19 - Error message 2
[2025-02-05 13:24:51.472283|0x00007fbbd196e700](/home/wwk/workspaces/test_demo/src/main.cc:14)  [fatal]Thread 6 - fatal message 5
[2025-02-05 13:24:51.472494|0x00007fbbd196e700](/home/wwk/workspaces/test_demo/src/main.cc:11)  [info]Thread 6 - Info message 6
[2025-02-05 13:24:51.472484|0x00007fbbb0ff9700](/home/wwk/workspaces/test_demo/src/main.cc:9)  [warning]Thread 15 - Warn message 3
[2025-02-05 13:24:51.472529|0x00007fbbb3fff700](/home/wwk/workspaces/test_demo/src/main.cc:14)  [fatal]Thread 9 - fatal message 3
[2025-02-05 13:24:51.472576|0x00007fbbb2ffd700](/home/wwk/workspaces/test_demo/src/main.cc:14)  [fatal]Thread 11 - fatal message 2
[2025-02-05 13:24:51.472633|0x00007fbbb3fff700](/home/wwk/workspaces/test_demo/src/main.cc:11)  [info]Thread 9 - Info message 4
[2025-02-05 13:24:51.465645|0x00007fbbd3171700](/home/wwk/workspaces/test_demo/src/main.cc:14)  [fatal]Thread 3 - fatal message 5
[2025-02-05 13:24:51.472542|0x00007fbbb0ff9700](/home/wwk/workspaces/test_demo/src/main.cc:13)  [error]Thread 15 - Error message 3
[2025-02-05 13:24:51.472728|0x00007fbbd3171700](/home/wwk/workspaces/test_demo/src/main.cc:11)  [info]Thread 3 - Info message 6
[2025-02-05 13:24:51.472778|0x00007fbbb0ff9700](/home/wwk/workspaces/test_demo/src/main.cc:14)  [fatal]Thread 15 - fatal message 3
[2025-02-05 13:24:51.472759|0x00007fbbb3fff700](/home/wwk/workspaces/test_demo/src/main.cc:12)  [warning]Thread 9 - Warn message 4
[2025-02-05 13:24:51.472878|0x00007fbbb3fff700](/home/wwk/workspaces/test_demo/src/main.cc:13)  [error]Thread 9 - Error message 4
[2025-02-05 13:24:51.465962|0x00007fbbb37fe700](/home/wwk/workspaces/test_demo/src/main.cc:12)  [warning]Thread 10 - Warn message 4
[2025-02-05 13:24:51.472895|0x00007fbbb3fff700](/home/wwk/workspaces/test_demo/src/main.cc:14)  [fatal]Thread 9 - fatal message 4
[2025-02-05 13:24:51.472935|0x00007fbbb3fff700](/home/wwk/workspaces/test_demo/src/main.cc:11)  [info]Thread 9 - Info message 5
[2025-02-05 13:24:51.472922|0x00007fbbb37fe700](/home/wwk/workspaces/test_demo/src/main.cc:13)  [error]Thread 10 - Error message 4
[2025-02-05 13:24:51.472950|0x00007fbbb3fff700](/home/wwk/workspaces/test_demo/src/main.cc:12)  [warning]Thread 9 - Warn message 5
[2025-02-05 13:24:51.473013|0x00007fbbd116d700](/home/wwk/workspaces/test_demo/src/main.cc:12)  [warning]Thread 7 - Warn message 4
[2025-02-05 13:24:51.473084|0x00007fbbd116d700](/home/wwk/workspaces/test_demo/src/main.cc:13)  [error]Thread 7 - Error message 4
[2025-02-05 13:24:51.473086|0x00007fbbb3fff700](/home/wwk/workspaces/test_demo/src/main.cc:13)  [error]Thread 9 - Error message 5
[2025-02-05 13:24:51.472993|0x00007fbbb37fe700](/home/wwk/workspaces/test_demo/src/main.cc:14)  [fatal]Thread 10 - fatal message 4
[2025-02-05 13:24:51.473158|0x00007fbbd216f700](/home/wwk/workspaces/test_demo/src/main.cc:13)  [error]Thread 5 - Error message 4
[2025-02-05 13:24:51.472357|0x00007fbbd2970700](/home/wwk/workspaces/test_demo/src/main.cc:12)  [warning]Thread 4 - Warn message 4
[2025-02-05 13:24:51.473236|0x00007fbbb3fff700](/home/wwk/workspaces/test_demo/src/main.cc:14)  [fatal]Thread 9 - fatal message 5
[2025-02-05 13:24:51.473309|0x00007fbbd2970700](/home/wwk/workspaces/test_demo/src/main.cc:13)  [error]Thread 4 - Error message 4
[2025-02-05 13:24:51.473400|0x00007fbbb3fff700](/home/wwk/workspaces/test_demo/src/main.cc:11)  [info]Thread 9 - Info message 6
[2025-02-05 13:24:51.465922|0x00007fbbb17fa700](/home/wwk/workspaces/test_demo/src/main.cc:13)  [error]Thread 14 - Error message 7
[2025-02-05 13:24:51.473453|0x00007fbbd2970700](/home/wwk/workspaces/test_demo/src/main.cc:10)  [fatal]Thread 4 - fatal message 4
[2025-02-05 13:24:51.473603|0x00007fbbb17fa700](/home/wwk/workspaces/test_demo/src/main.cc:14)  [fatal]Thread 14 - fatal message 7
[2025-02-05 13:24:51.473663|0x00007fbbb17fa700](/home/wwk/workspaces/test_demo/src/main.cc:11)  [info]Thread 14 - Info message 8
[2025-02-05 13:24:51.473618|0x00007fbbb3fff700](/home/wwk/workspaces/test_demo/src/main.cc:12)  [warning]Thread 9 - Warn message 6
[2025-02-05 13:24:51.473773|0x00007fbb8ffff700](/home/wwk/workspaces/test_demo/src/main.cc:13)  [error]Thread 16 - Error message 4
[2025-02-05 13:24:51.473752|0x00007fbbb3fff700](/home/wwk/workspaces/test_demo/src/main.cc:13)  [error]Thread 9 - Error message 6
[2025-02-05 13:24:51.473874|0x00007fbb8ffff700](/home/wwk/workspaces/test_demo/src/main.cc:14)  [fatal]Thread 16 - fatal message 4
[2025-02-05 13:24:51.473853|0x00007fbbb3fff700](/home/wwk/workspaces/test_demo/src/main.cc:14)  [fatal]Thread 9 - fatal message 6
[2025-02-05 13:24:51.466210|0x00007fbbb27fc700](/home/wwk/workspaces/test_demo/src/main.cc:12)  [warning]Thread 12 - Warn message 4
[2025-02-05 13:24:51.474020|0x00007fbbb3fff700](/home/wwk/workspaces/test_demo/src/main.cc:11)  [info]Thread 9 - Info message 7
[2025-02-05 13:24:51.474033|0x00007fbbb27fc700](/home/wwk/workspaces/test_demo/src/main.cc:13)  [error]Thread 12 - Error message 4
[2025-02-05 13:24:51.474084|0x00007fbbb27fc700](/home/wwk/workspaces/test_demo/src/main.cc:14)  [fatal]Thread 12 - fatal message 4
[2025-02-05 13:24:51.466254|0x00007fbbb1ffb700](/home/wwk/workspaces/test_demo/src/main.cc:13)  [error]Thread 13 - Error message 6
[2025-02-05 13:24:51.474128|0x00007fbb8f7fe700](/home/wwk/workspaces/test_demo/src/main.cc:14)  [warning]Thread 17 - Warn message 4
[2025-02-05 13:24:51.473227|0x00007fbbb37fe700](/home/wwk/workspaces/test_demo/src/main.cc:11)  [info]Thread 10 - Info message 5
[2025-02-05 13:24:51.474200|0x00007fbb8f7fe700](/home/wwk/workspaces/test_demo/src/main.cc:13)  [error]Thread 17 - Error message 4
[2025-02-05 13:24:51.474302|0x00007fbbd216f700](/home/wwk/workspaces/test_demo/src/main.cc:12)  [fatal]Thread 5 - fatal message 4
[2025-02-05 13:24:51.474357|0x00007fbb8f7fe700](/home/wwk/workspaces/test_demo/src/main.cc:14)  [fatal]Thread 17 - fatal message 4
[2025-02-05 13:24:51.474428|0x00007fbbd216f700](/home/wwk/workspaces/test_demo/src/main.cc:11)  [info]Thread 5 - Info message 5
[2025-02-05 13:24:51.472734|0x00007fbb8effd700](/home/wwk/workspaces/test_demo/src/main.cc:11)  [info]Thread 18 - Info message 3
[2025-02-05 13:24:51.474570|0x00007fbbd216f700](/home/wwk/workspaces/test_demo/src/main.cc:12)  [warning]Thread 5 - Warn message 5
[2025-02-05 13:24:51.474551|0x00007fbb8effd700](/home/wwk/workspaces/test_demo/src/main.cc:12)  [warning]Thread 18 - Warn message 3
[2025-02-05 13:24:51.474726|0x00007fbb8effd700](/home/wwk/workspaces/test_demo/src/main.cc:13)  [error]Thread 18 - Error message 3
[2025-02-05 13:24:51.474690|0x00007fbbd216f700](/home/wwk/workspaces/test_demo/src/main.cc:13)  [error]Thread 5 - Error message 5
[2025-02-05 13:24:51.474787|0x00007fbbd216f700](/home/wwk/workspaces/test_demo/src/main.cc:14)  [fatal]Thread 5 - fatal message 5
[2025-02-05 13:24:51.474761|0x00007fbbb17fa700](/home/wwk/workspaces/test_demo/src/main.cc:12)  [warning]Thread 14 - Warn message 8
[2025-02-05 13:24:51.474859|0x00007fbbd216f700](/home/wwk/workspaces/test_demo/src/main.cc:11)  [info]Thread 5 - Info message 6
[2025-02-05 13:24:51.474917|0x00007fbb8ffff700](/home/wwk/workspaces/test_demo/src/main.cc:11)  [info]Thread 16 - Info message 5
[2025-02-05 13:24:51.475065|0x00007fbbd216f700](/home/wwk/workspaces/test_demo/src/main.cc:12)  [warning]Thread 5 - Warn message 6
[2025-02-05 13:24:51.475122|0x00007fbb8ffff700](/home/wwk/workspaces/test_demo/src/main.cc:14)  [warning]Thread 16 - Warn message 5
[2025-02-05 13:24:51.475180|0x00007fbb8ffff700](/home/wwk/workspaces/test_demo/src/main.cc:13)  [error]Thread 16 - Error message 5
[2025-02-05 13:24:51.473458|0x00007fbbd096c700](/home/wwk/workspaces/test_demo/src/main.cc:11)  [info]Thread 8 - Info message 3
[2025-02-05 13:24:51.475304|0x00007fbb8ffff700](/home/wwk/workspaces/test_demo/src/main.cc:14)  [fatal]Thread 16 - fatal message 5
[2025-02-05 13:24:51.475358|0x00007fbb8ffff700](/home/wwk/workspaces/test_demo/src/main.cc:11)  [info]Thread 16 - Info message 6
[2025-02-05 13:24:51.475344|0x00007fbbd096c700](/home/wwk/workspaces/test_demo/src/main.cc:12)  [warning]Thread 8 - Warn message 3
[2025-02-05 13:24:51.475561|0x00007fbbd096c700](/home/wwk/workspaces/test_demo/src/main.cc:13)  [error]Thread 8 - Error message 3
[2025-02-05 13:24:51.473563|0x00007fbbb2ffd700](/home/wwk/workspaces/test_demo/src/main.cc:11)  [info]Thread 11 - Info message 3
[2025-02-05 13:24:51.475657|0x00007fbb8f7fe700](/home/wwk/workspaces/test_demo/src/main.cc:11)  [info]Thread 17 - Info message 5
[2025-02-05 13:24:51.475702|0x00007fbb8f7fe700](/home/wwk/workspaces/test_demo/src/main.cc:12)  [warning]Thread 17 - Warn message 5
[2025-02-05 13:24:51.475682|0x00007fbbb2ffd700](/home/wwk/workspaces/test_demo/src/main.cc:12)  [warning]Thread 11 - Warn message 3
[2025-02-05 13:24:51.475756|0x00007fbbb2ffd700](/home/wwk/workspaces/test_demo/src/main.cc:13)  [error]Thread 11 - Error message 3
[2025-02-05 13:24:51.475791|0x00007fbbb2ffd700](/home/wwk/workspaces/test_demo/src/main.cc:14)  [fatal]Thread 11 - fatal message 3
[2025-02-05 13:24:51.475832|0x00007fbbb2ffd700](/home/wwk/workspaces/test_demo/src/main.cc:11)  [info]Thread 11 - Info message 4
[2025-02-05 13:24:51.475885|0x00007fbbd4974700](/home/wwk/workspaces/test_demo/src/main.cc:11)  [info]Thread 0 - Info message 7
[2025-02-05 13:24:51.475918|0x00007fbbd4974700](/home/wwk/workspaces/test_demo/src/main.cc:12)  [warning]Thread 0 - Warn message 7
[2025-02-05 13:24:51.475945|0x00007fbbd4974700](/home/wwk/workspaces/test_demo/src/main.cc:13)  [error]Thread 0 - Error message 7
[2025-02-05 13:24:51.475953|0x00007fbbd4173700](/home/wwk/workspaces/test_demo/src/main.cc:13)  [error]Thread 1 - Error message 3
[2025-02-05 13:24:51.475981|0x00007fbbd4974700](/home/wwk/workspaces/test_demo/src/main.cc:14)  [fatal]Thread 0 - fatal message 7
[2025-02-05 13:24:51.476022|0x00007fbbd4974700](/home/wwk/workspaces/test_demo/src/main.cc:11)  [info]Thread 0 - Info message 8
[2025-02-05 13:24:51.476004|0x00007fbbd4173700](/home/wwk/workspaces/test_demo/src/main.cc:14)  [fatal]Thread 1 - fatal message 3
[2025-02-05 13:24:51.476144|0x00007fbbd4173700](/home/wwk/workspaces/test_demo/src/main.cc:11)  [info]Thread 1 - Info message 4
[2025-02-05 13:24:51.474134|0x00007fbbb1ffb700](/home/wwk/workspaces/test_demo/src/main.cc:14)  [fatal]Thread 13 - fatal message 6
[2025-02-05 13:24:51.476268|0x00007fbbd4173700](/home/wwk/workspaces/test_demo/src/main.cc:12)  [warning]Thread 1 - Warn message 4
[2025-02-05 13:24:51.476170|0x00007fbb8e7fc700](/home/wwk/workspaces/test_demo/src/main.cc:14)  [fatal]Thread 19 - fatal message 2
[2025-02-05 13:24:51.475198|0x00007fbbd216f700](/home/wwk/workspaces/test_demo/src/main.cc:13)  [error]Thread 5 - Error message 6
[2025-02-05 13:24:51.476415|0x00007fbbd216f700](/home/wwk/workspaces/test_demo/src/main.cc:14)  [fatal]Thread 5 - fatal message 6
[2025-02-05 13:24:51.476390|0x00007fbb8e7fc700](/home/wwk/workspaces/test_demo/src/main.cc:11)  [info]Thread 19 - Info message 3
[2025-02-05 13:24:51.474147|0x00007fbbb27fc700](/home/wwk/workspaces/test_demo/src/main.cc:11)  [info]Thread 12 - Info message 5
[2025-02-05 13:24:51.476471|0x00007fbbd216f700](/home/wwk/workspaces/test_demo/src/main.cc:11)  [info]Thread 5 - Info message 7
[2025-02-05 13:24:51.476292|0x00007fbbb1ffb700](/home/wwk/workspaces/test_demo/src/main.cc:11)  [info]Thread 13 - Info message 7
[2025-02-05 13:24:51.476493|0x00007fbbb27fc700](/home/wwk/workspaces/test_demo/src/main.cc:12)  [warning]Thread 12 - Warn message 5
[2025-02-05 13:24:51.476542|0x00007fbbb27fc700](/home/wwk/workspaces/test_demo/src/main.cc:13)  [error]Thread 12 - Error message 5
[2025-02-05 13:24:51.476516|0x00007fbb8ffff700](/home/wwk/workspaces/test_demo/src/main.cc:12)  [warning]Thread 16 - Warn message 6
[2025-02-05 13:24:51.476638|0x00007fbb8ffff700](/home/wwk/workspaces/test_demo/src/main.cc:13)  [error]Thread 16 - Error message 6
[2025-02-05 13:24:51.476568|0x00007fbbb27fc700](/home/wwk/workspaces/test_demo/src/main.cc:14)  [fatal]Thread 12 - fatal message 5
[2025-02-05 13:24:51.476710|0x00007fbb8ffff700](/home/wwk/workspaces/test_demo/src/main.cc:10)  [fatal]Thread 16 - fatal message 6
[2025-02-05 13:24:51.476693|0x00007fbbd3972700](/home/wwk/workspaces/test_demo/src/main.cc:12)  [warning]Thread 2 - Warn message 4
[2025-02-05 13:24:51.474793|0x00007fbb8effd700](/home/wwk/workspaces/test_demo/src/main.cc:14)  [fatal]Thread 18 - fatal message 3
[2025-02-05 13:24:51.476848|0x00007fbbd3972700](/home/wwk/workspaces/test_demo/src/main.cc:13)  [error]Thread 2 - Error message 4
[2025-02-05 13:24:51.476974|0x00007fbb8effd700](/home/wwk/workspaces/test_demo/src/main.cc:11)  [info]Thread 18 - Info message 4
[2025-02-05 13:24:51.476970|0x00007fbbd3972700](/home/wwk/workspaces/test_demo/src/main.cc:14)  [fatal]Thread 2 - fatal message 4
[2025-02-05 13:24:51.477014|0x00007fbbd3972700](/home/wwk/workspaces/test_demo/src/main.cc:11)  [info]Thread 2 - Info message 5
[2025-02-05 13:24:51.474919|0x00007fbbb17fa700](/home/wwk/workspaces/test_demo/src/main.cc:11)  [error]Thread 14 - Error message 8
[2025-02-05 13:24:51.476986|0x00007fbbb3fff700](/home/wwk/workspaces/test_demo/src/main.cc:12)  [warning]Thread 9 - Warn message 7
[2025-02-05 13:24:51.477066|0x00007fbbb17fa700](/home/wwk/workspaces/test_demo/src/main.cc:14)  [fatal]Thread 14 - fatal message 8
[2025-02-05 13:24:51.477094|0x00007fbbb3fff700](/home/wwk/workspaces/test_demo/src/main.cc:13)  [error]Thread 9 - Error message 7
[2025-02-05 13:24:51.477139|0x00007fbb8effd700](/home/wwk/workspaces/test_demo/src/main.cc:12)  [warning]Thread 18 - Warn message 4
[2025-02-05 13:24:51.477187|0x00007fbbb3fff700](/home/wwk/workspaces/test_demo/src/main.cc:14)  [fatal]Thread 9 - fatal message 7
[2025-02-05 13:24:51.477258|0x00007fbb8effd700](/home/wwk/workspaces/test_demo/src/main.cc:13)  [error]Thread 18 - Error message 4
[2025-02-05 13:24:51.477368|0x00007fbbd216f700](/home/wwk/workspaces/test_demo/src/main.cc:12)  [warning]Thread 5 - Warn message 7
[2025-02-05 13:24:51.476444|0x00007fbb8e7fc700](/home/wwk/workspaces/test_demo/src/main.cc:12)  [warning]Thread 19 - Warn message 3
[2025-02-05 13:24:51.476527|0x00007fbbb1ffb700](/home/wwk/workspaces/test_demo/src/main.cc:12)  [warning]Thread 13 - Warn message 7
[2025-02-05 13:24:51.477475|0x00007fbbb1ffb700](/home/wwk/workspaces/test_demo/src/main.cc:13)  [error]Thread 13 - Error message 7
[2025-02-05 13:24:51.477430|0x00007fbbd096c700](/home/wwk/workspaces/test_demo/src/main.cc:14)  [fatal]Thread 8 - fatal message 3
[2025-02-05 13:24:51.477585|0x00007fbbd3171700](/home/wwk/workspaces/test_demo/src/main.cc:12)  [warning]Thread 3 - Warn message 6
[2025-02-05 13:24:51.477625|0x00007fbbd096c700](/home/wwk/workspaces/test_demo/src/main.cc:11)  [info]Thread 8 - Info message 4
[2025-02-05 13:24:51.477646|0x00007fbbd3171700](/home/wwk/workspaces/test_demo/src/main.cc:13)  [error]Thread 3 - Error message 6
[2025-02-05 13:24:51.477628|0x00007fbbd2970700](/home/wwk/workspaces/test_demo/src/main.cc:11)  [info]Thread 4 - Info message 5
[2025-02-05 13:24:51.477738|0x00007fbbd096c700](/home/wwk/workspaces/test_demo/src/main.cc:12)  [warning]Thread 8 - Warn message 4
[2025-02-05 13:24:51.477706|0x00007fbbd2970700](/home/wwk/workspaces/test_demo/src/main.cc:12)  [warning]Thread 4 - Warn message 5
[2025-02-05 13:24:51.477706|0x00007fbbb2ffd700](/home/wwk/workspaces/test_demo/src/main.cc:12)  [warning]Thread 11 - Warn message 4
[2025-02-05 13:24:51.477829|0x00007fbbd096c700](/home/wwk/workspaces/test_demo/src/main.cc:13)  [error]Thread 8 - Error message 4
[2025-02-05 13:24:51.477855|0x00007fbbb2ffd700](/home/wwk/workspaces/test_demo/src/main.cc:13)  [error]Thread 11 - Error message 4
[2025-02-05 13:24:51.475127|0x00007fbbd116d700](/home/wwk/workspaces/test_demo/src/main.cc:14)  [fatal]Thread 7 - fatal message 4
[2025-02-05 13:24:51.477922|0x00007fbbb2ffd700](/home/wwk/workspaces/test_demo/src/main.cc:14)  [fatal]Thread 11 - fatal message 4
[2025-02-05 13:24:51.477970|0x00007fbbb2ffd700](/home/wwk/workspaces/test_demo/src/main.cc:11)  [info]Thread 11 - Info message 5
[2025-02-05 13:24:51.477983|0x00007fbbd116d700](/home/wwk/workspaces/test_demo/src/main.cc:11)  [info]Thread 7 - Info message 5
[2025-02-05 13:24:51.478085|0x00007fbbb17fa700](/home/wwk/workspaces/test_demo/src/main.cc:11)  [info]Thread 14 - Info message 9
[2025-02-05 13:24:51.478207|0x00007fbbb17fa700](/home/wwk/workspaces/test_demo/src/main.cc:12)  [warning]Thread 14 - Warn message 9
[2025-02-05 13:24:51.474323|0x00007fbbd196e700](/home/wwk/workspaces/test_demo/src/main.cc:12)  [warning]Thread 6 - Warn message 6
[2025-02-05 13:24:51.478301|0x00007fbbb3fff700](/home/wwk/workspaces/test_demo/src/main.cc:11)  [info]Thread 9 - Info message 8
[2025-02-05 13:24:51.478350|0x00007fbbb3fff700](/home/wwk/workspaces/test_demo/src/main.cc:12)  [warning]Thread 9 - Warn message 8
[2025-02-05 13:24:51.478324|0x00007fbbd196e700](/home/wwk/workspaces/test_demo/src/main.cc:13)  [error]Thread 6 - Error message 6
[2025-02-05 13:24:51.478426|0x00007fbbd196e700](/home/wwk/workspaces/test_demo/src/main.cc:14)  [fatal]Thread 6 - fatal message 6
[2025-02-05 13:24:51.477456|0x00007fbb8e7fc700](/home/wwk/workspaces/test_demo/src/main.cc:13)  [error]Thread 19 - Error message 3
[2025-02-05 13:24:51.478500|0x00007fbb8e7fc700](/home/wwk/workspaces/test_demo/src/main.cc:14)  [fatal]Thread 19 - fatal message 3
[2025-02-05 13:24:51.478550|0x00007fbbd196e700](/home/wwk/workspaces/test_demo/src/main.cc:11)  [info]Thread 6 - Info message 7
[2025-02-05 13:24:51.478654|0x00007fbb8e7fc700](/home/wwk/workspaces/test_demo/src/main.cc:11)  [info]Thread 19 - Info message 4
[2025-02-05 13:24:51.478650|0x00007fbbd196e700](Thread 19 - Info message 4:10)  [warning]Thread 6 - Warn message 7
[2025-02-05 13:24:51.476719|0x00007fbbb27fc700](/home/wwk/workspaces/test_demo/src/main.cc:11)  [info]Thread 12 - Info message 6
[2025-02-05 13:24:51.478804|0x00007fbbd196e700](/home/wwk/workspaces/test_demo/src/main.cc:13)  [error]Thread 6 - Error message 7
[2025-02-05 13:24:51.478841|0x00007fbbb27fc700](/home/wwk/workspaces/test_demo/src/main.cc:12)  [warning]Thread 12 - Warn message 6
[2025-02-05 13:24:51.478891|0x00007fbbd096c700](/home/wwk/workspaces/test_demo/src/main.cc:14)  [fatal]Thread 8 - fatal message 4
[2025-02-05 13:24:51.478857|0x00007fbbd4974700](/home/wwk/workspaces/test_demo/src/main.cc:14)  [warning]Thread 0 - Warn message 8
[2025-02-05 13:24:51.478855|0x00007fbbd196e700](/home/wwk/workspaces/test_demo/src/main.cc:14)  [fatal]Thread 6 - fatal message 7
[2025-02-05 13:24:51.478996|0x00007fbbd4974700](/home/wwk/workspaces/test_demo/src/main.cc:13)  [error]Thread 0 - Error message 8
[2025-02-05 13:24:51.479059|0x00007fbbb2ffd700](/home/wwk/workspaces/test_demo/src/main.cc:12)  [warning]Thread 11 - Warn message 5
[2025-02-05 13:24:51.474307|0x00007fbbb37fe700](/home/wwk/workspaces/test_demo/src/main.cc:12)  [warning]Thread 10 - Warn message 5
[2025-02-05 13:24:51.479079|0x00007fbbd196e700](/home/wwk/workspaces/test_demo/src/main.cc:11)  [info]Thread 6 - Info message 8
[2025-02-05 13:24:51.479229|0x00007fbbb2ffd700](/home/wwk/workspaces/test_demo/src/main.cc:13)  [error]Thread 11 - Error message 5
[2025-02-05 13:24:51.479282|0x00007fbbb2ffd700](/home/wwk/workspaces/test_demo/src/main.cc:14)  [fatal]Thread 11 - fatal message 5
[2025-02-05 13:24:51.479136|0x00007fbbb17fa700](/home/wwk/workspaces/test_demo/src/main.cc:13)  [error]Thread 14 - Error message 9
[2025-02-05 13:24:51.479384|0x00007fbbb2ffd700](/home/wwk/workspaces/test_demo/src/main.cc:11)  [info]Thread 11 - Info message 6
[2025-02-05 13:24:51.479195|0x00007fbbb37fe700](/home/wwk/workspaces/test_demo/src/main.cc:13)  [error]Thread 10 - Error message 5
[2025-02-05 13:24:51.479331|0x00007fbbd196e700](/home/wwk/workspaces/test_demo/src/main.cc:12)  [warning]Thread 6 - Warn message 8
[2025-02-05 13:24:51.479372|0x00007fbbb1ffb700](/home/wwk/workspaces/test_demo/src/main.cc:10)  [fatal]Thread 13 - fatal message 7
[2025-02-05 13:24:51.479525|0x00007fbbb1ffb700](/home/wwk/workspaces/test_demo/src/main.cc:11)  [info]Thread 13 - Info message 8
[2025-02-05 13:24:51.479533|0x00007fbbb2ffd700](/home/wwk/workspaces/test_demo/src/main.cc:12)  [warning]Thread 11 - Warn message 6
[2025-02-05 13:24:51.479589|0x00007fbbb2ffd700](/home/wwk/workspaces/test_demo/src/main.cc:13)  [error]Thread 11 - Error message 6
[2025-02-05 13:24:51.479641|0x00007fbb8ffff700](/home/wwk/workspaces/test_demo/src/main.cc:11)  [info]Thread 16 - Info message 7
[2025-02-05 13:24:51.479731|0x00007fbb8ffff700](/home/wwk/workspaces/test_demo/src/main.cc:12)  [warning]Thread 16 - Warn message 7
[2025-02-05 13:24:51.479721|0x00007fbb8e7fc700](/home/wwk/workspaces/test_demo/src/main.cc:12)  [warning]Thread 19 - Warn message 4
[2025-02-05 13:24:51.479834|0x00007fbb8e7fc700](/home/wwk/workspaces/test_demo/src/main.cc:13)  [error]Thread 19 - Error message 4
[2025-02-05 13:24:51.479911|0x00007fbbb27fc700](/home/wwk/workspaces/test_demo/src/main.cc:13)  [error]Thread 12 - Error message 6
[2025-02-05 13:24:51.480055|0x00007fbbb27fc700](/home/wwk/workspaces/test_demo/src/main.cc:14)  [fatal]Thread 12 - fatal message 6
[2025-02-05 13:24:51.480011|0x00007fbbd096c700](/home/wwk/workspaces/test_demo/src/main.cc:11)  [info]Thread 8 - Info message 5
[2025-02-05 13:24:51.480185|0x00007fbbb27fc700](/home/wwk/workspaces/test_demo/src/main.cc:11)  [info]Thread 12 - Info message 7
[2025-02-05 13:24:51.480160|0x00007fbbd096c700](/home/wwk/workspaces/test_demo/src/main.cc:12)  [warning]Thread 8 - Warn message 5
[2025-02-05 13:24:51.477450|0x00007fbbd216f700](/home/wwk/workspaces/test_demo/src/main.cc:13)  [error]Thread 5 - Error message 7
[2025-02-05 13:24:51.480298|0x00007fbbd096c700](/home/wwk/workspaces/test_demo/src/main.cc:13)  [error]Thread 8 - Error message 5
[2025-02-05 13:24:51.480345|0x00007fbbd216f700](/home/wwk/workspaces/test_demo/src/main.cc:14)  [fatal]Thread 5 - fatal message 7
[2025-02-05 13:24:51.480342|0x00007fbbd096c700](/home/wwk/workspaces/test_demo/src/main.cc:14)  [fatal]Thread 8 - fatal message 5
[2025-02-05 13:24:51.480391|0x00007fbbd096c700](/home/wwk/workspaces/test_demo/src/main.cc:11)  [info]Thread 8 - Info message 6
[2025-02-05 13:24:51.480483|0x00007fbbb17fa700](/home/wwk/workspaces/test_demo/src/main.cc:14)  [fatal]Thread 14 - fatal message 9
[2025-02-05 13:24:51.480538|0x00007fbbb0ff9700](/home/wwk/workspaces/test_demo/src/main.cc:11)  [info]Thread 15 - Info message 4
[2025-02-05 13:24:51.479455|0x00007fbbd196e700](/home/wwk/workspaces/test_demo/src/main.cc:13)  [error]Thread 6 - Error message 8
[2025-02-05 13:24:51.480596|0x00007fbbd196e700](/home/wwk/workspaces/test_demo/src/main.cc:14)  [fatal]Thread 6 - fatal message 8
[2025-02-05 13:24:51.480675|0x00007fbbb1ffb700](/home/wwk/workspaces/test_demo/src/main.cc:12)  [warning]Thread 13 - Warn message 8
[2025-02-05 13:24:51.480689|0x00007fbbb17fa700](/home/wwk/workspaces/test_demo/src/main.cc:11)  [info]Thread 14 - Info message 10
[2025-02-05 13:24:51.480729|0x00007fbbb1ffb700](/home/wwk/workspaces/test_demo/src/main.cc:14)  [error]Thread 13 - Error message 8
[2025-02-05 13:24:51.480740|0x00007fbbb17fa700](/home/wwk/workspaces/test_demo/src/main.cc:12)  [warning]Thread 14 - Warn message 10
[2025-02-05 13:24:51.477830|0x00007fbbd2970700](/home/wwk/workspaces/test_demo/src/main.cc:13)  [error]Thread 4 - Error message 5
[2025-02-05 13:24:51.478714|0x00007fbbd3171700](/home/wwk/workspaces/test_demo/src/main.cc:14)  [fatal]Thread 3 - fatal message 6
[2025-02-05 13:24:51.480948|0x00007fbbd3972700](/home/wwk/workspaces/test_demo/src/main.cc:12)  [warning]Thread 2 - Warn message 5
[2025-02-05 13:24:51.480932|0x00007fbbd3171700](/home/wwk/workspaces/test_demo/src/main.cc:12)  [info]Thread 3 - Info message 7
[2025-02-05 13:24:51.481023|0x00007fbbd3171700](/home/wwk/workspaces/test_demo/src/main.cc:12)  [warning]Thread 3 - Warn message 7
[2025-02-05 13:24:51.481037|0x00007fbb8ffff700](/home/wwk/workspaces/test_demo/src/main.cc:13)  [error]Thread 16 - Error message 7
[2025-02-05 13:24:51.481097|0x00007fbbd3972700](/home/wwk/workspaces/test_demo/src/main.cc:13)  [error]Thread 2 - Error message 5
[2025-02-05 13:24:51.481138|0x00007fbbd116d700](/home/wwk/workspaces/test_demo/src/main.cc:12)  [warning]Thread 7 - Warn message 5
[2025-02-05 13:24:51.481212|0x00007fbbd4974700](/home/wwk/workspaces/test_demo/src/main.cc:14)  [fatal]Thread 0 - fatal message 8
[2025-02-05 13:24:51.481041|0x00007fbbd3171700](/home/wwk/workspaces/test_demo/src/main.cc:13)  [error]Thread 3 - Error message 7
[2025-02-05 13:24:51.481255|0x00007fbb8effd700](/home/wwk/workspaces/test_demo/src/main.cc:14)  [fatal]Thread 18 - fatal message 4
[2025-02-05 13:24:51.481178|0x00007fbb8e7fc700](/home/wwk/workspaces/test_demo/src/main.cc:14)  [fatal]Thread 19 - fatal message 4
[2025-02-05 13:24:51.481346|0x00007fbb8effd700](/home/wwk/workspaces/test_demo/src/main.cc:11)  [info]Thread 18 - Info message 5
[2025-02-05 13:24:51.481407|0x00007fbb8effd700](/home/wwk/workspaces/test_demo/src/main.cc:12)  [warning]Thread 18 - Warn message 5
[2025-02-05 13:24:51.481387|0x00007fbb8e7fc700](/home/wwk/workspaces/test_demo/src/main.cc:12)  [info]Thread 19 - Info message 5
[2025-02-05 13:24:51.480391|0x00007fbbd216f700](/home/wwk/workspaces/test_demo/src/main.cc:11)  [info]Thread 5 - Info message 8
[2025-02-05 13:24:51.481430|0x00007fbb8effd700](/home/wwk/workspaces/test_demo/src/main.cc:13)  [error]Thread 18 - Error message 5
[2025-02-05 13:24:51.481466|0x00007fbbd216f700](/home/wwk/workspaces/test_demo/src/main.cc:12)  [warning]Thread 5 - Warn message 8
[2025-02-05 13:24:51.481475|0x00007fbb8effd700](/home/wwk/workspaces/test_demo/src/main.cc:14)  [fatal]Thread 18 - fatal message 5
[2025-02-05 13:24:51.481386|0x00007fbbd116d700](/home/wwk/workspaces/test_demo/src/main.cc:12)  [error]Thread 7 - Error message 5
[2025-02-05 13:24:51.480645|0x00007fbbd196e700](/home/wwk/workspaces/test_demo/src/main.cc:12)  [info]Thread 6 - Info message 9
[2025-02-05 13:24:51.481739|0x00007fbbb1ffb700](/home/wwk/workspaces/test_demo/src/main.cc:14)  [fatal]Thread 13 - fatal message 8
[2025-02-05 13:24:51.481705|0x00007fbbd116d700](/home/wwk/workspaces/test_demo/src/main.cc:14)  [fatal]Thread 7 - fatal message 5
[2025-02-05 13:24:51.480733|0x00007fbbb2ffd700](/home/wwk/workspaces/test_demo/src/main.cc:12)  [fatal]Thread 11 - fatal message 6
[2025-02-05 13:24:51.481779|0x00007fbbd196e700](/home/wwk/workspaces/test_demo/src/main.cc:12)  [warning]Thread 6 - Warn message 9
[2025-02-05 13:24:51.481942|0x00007fbbb2ffd700](/home/wwk/workspaces/test_demo/src/main.cc:11)  [info]Thread 11 - Info message 7
[2025-02-05 13:24:51.481949|0x00007fbbd196e700](/home/wwk/workspaces/test_demo/src/main.cc:13)  [error]Thread 6 - Error message 9
[2025-02-05 13:24:51.480899|0x00007fbbb17fa700](/home/wwk/workspaces/test_demo/src/main.cc:13)  [error]Thread 14 - Error message 10
[2025-02-05 13:24:51.481997|0x00007fbbd196e700](/home/wwk/workspaces/test_demo/src/main.cc:14)  [fatal]Thread 6 - fatal message 9
[2025-02-05 13:24:51.482022|0x00007fbbd196e700](/home/wwk/workspaces/test_demo/src/main.cc:14)  [info]Thread 6 - Info message 10
[2025-02-05 13:24:51.481807|0x00007fbbb1ffb700](/home/wwk/workspaces/test_demo/src/main.cc:11)  [info]Thread 13 - Info message 9
[2025-02-05 13:24:51.482054|0x00007fbbd4974700](/home/wwk/workspaces/test_demo/src/main.cc:11)  [info]Thread 0 - Info message 9
[2025-02-05 13:24:51.481924|0x00007fbb8ffff700](/home/wwk/workspaces/test_demo/src/main.cc:14)  [fatal]Thread 16 - fatal message 7
[2025-02-05 13:24:51.482111|0x00007fbbd4974700](/home/wwk/workspaces/test_demo/src/main.cc:12)  [warning]Thread 0 - Warn message 9
[2025-02-05 13:24:51.482121|0x00007fbb8ffff700](/home/wwk/workspaces/test_demo/src/main.cc:11)  [info]Thread 16 - Info message 8
[2025-02-05 13:24:51.482121|0x00007fbbb2ffd700](/home/wwk/workspaces/test_demo/src/main.cc:11)  [warning]Thread 11 - Warn message 7
[2025-02-05 13:24:51.482261|0x00007fbbb2ffd700](/home/wwk/workspaces/test_demo/src/main.cc:13)  [error]Thread 11 - Error message 7
[2025-02-05 13:24:51.482311|0x00007fbbb2ffd700](/home/wwk/workspaces/test_demo/src/main.cc:14)  [fatal]Thread 11 - fatal message 7
